<?xml version="1.0" encoding="UTF-8"?>
<testsuite xmlns:xsi="http://www.w3.org/2001/XMLSchema-instance" xsi:noNamespaceSchemaLocation="https://maven.apache.org/surefire/maven-surefire-plugin/xsd/surefire-test-report-3.0.xsd" version="3.0" name="com.forexbot.StressAndConcurrencyIntegrationTest" time="1.703" tests="4" errors="0" skipped="0" failures="0">
  <properties>
[...]
</properties>
  <testcase name="killSwitchShutsBotDownWhenLossLimitBreached" classname="com.forexbot.StressAndConcurrencyIntegrationTest" time="0.162">
    <system-out><![CDATA[20:53:37.910 [main] INFO org.springframework.test.context.support.AnnotationConfigContextLoaderUtils -- Could not detect default configuration classes for test class [com.forexbot.StressAndConcurrencyIntegrationTest]: StressAndConcurrencyIntegrationTest does not declare any static, non-private, non-final, nested classes annotated with @Configuration.
20:53:37.947 [main] INFO org.springframework.boot.test.context.SpringBootTestContextBootstrapper -- Found @SpringBootConfiguration com.forexbot.AiForexTradingBotApplication for test class com.forexbot.StressAndConcurrencyIntegrationTest

  .   ____          _            __ _ _
 /\\ / ___'_ __ _ _(_)_ __  __ _ \ \ \ \
( ( )\___ | '_ | '_| | '_ \/ _` | \ \ \ \
 \\/  ___)| |_)| | | | | || (_| |  ) ) ) )
  '  |____| .__|_| |_|_| |_\__, | / / / /
 =========|_|==============|___/=/_/_/_/

 :: Spring Boot ::                (v3.3.4)

2026-09-09T20:53:38.069+05:30  INFO 71828 --- [           main] c.f.StressAndConcurrencyIntegrationTest  : Starting StressAndConcurrencyIntegrationTest using Java 17.0.15 with PID 71828 (started by rakeshkumarbhagat in /Users/rakeshkumarbhagat/Desktop/my proj/ai-forex-trading-bot)
2026-09-09T20:53:38.069+05:30  INFO 71828 --- [           main] c.f.StressAndConcurrencyIntegrationTest  : No active profile set, falling back to 1 default profile: "default"
2026-09-09T20:53:38.871+05:30  INFO 71828 --- [           main] o.s.b.w.embedded.tomcat.TomcatWebServer  : Tomcat initialized with port 0 (http)
2026-09-09T20:53:38.878+05:30  INFO 71828 --- [           main] o.apache.catalina.core.StandardService   : Starting service [Tomcat]
2026-09-09T20:53:38.878+05:30  INFO 71828 --- [           main] o.apache.catalina.core.StandardEngine    : Starting Servlet engine: [Apache Tomcat/10.1.30]
2026-09-09T20:53:38.901+05:30  INFO 71828 --- [           main] o.a.c.c.C.[Tomcat].[localhost].[/]       : Initializing Spring embedded WebApplicationContext
2026-09-09T20:53:38.902+05:30  INFO 71828 --- [           main] w.s.c.ServletWebServerApplicationContext : Root WebApplicationContext: initialization completed in 826 ms
2026-09-09T20:53:39.158+05:30  INFO 71828 --- [           main] o.s.b.w.embedded.tomcat.TomcatWebServer  : Tomcat started on port 63648 (http) with context path '/'
2026-09-09T20:53:39.162+05:30  INFO 71828 --- [           main] c.f.StressAndConcurrencyIntegrationTest  : Started StressAndConcurrencyIntegrationTest in 1.177 seconds (process running for 1.52)
2026-09-09T20:53:39.241+05:30  INFO 71828 --- [o-auto-1-exec-1] o.a.c.c.C.[Tomcat].[localhost].[/]       : Initializing Spring DispatcherServlet 'dispatcherServlet'
2026-09-09T20:53:39.241+05:30  INFO 71828 --- [o-auto-1-exec-1] o.s.web.servlet.DispatcherServlet        : Initializing Servlet 'dispatcherServlet'
2026-09-09T20:53:39.242+05:30  INFO 71828 --- [o-auto-1-exec-1] o.s.web.servlet.DispatcherServlet        : Completed initialization in 1 ms
2026-09-09T20:53:39.314+05:30  WARN 71828 --- [o-auto-1-exec-3] c.forexbot.service.TickPipelineService   : Tick for EUR/USD blocked by risk firewall: Max daily loss breached: pnl=-750.0 limit=-500.0
2026-09-09T20:53:39.324+05:30  WARN 71828 --- [o-auto-1-exec-5] c.forexbot.service.TickPipelineService   : Tick for EUR/USD blocked by risk firewall: Max daily loss breached: pnl=-750.0 limit=-500.0
]]></system-out>
  </testcase>
  <testcase name="dailyTradeCapEngagesKillSwitchUnderConcurrentLoad" classname="com.forexbot.StressAndConcurrencyIntegrationTest" time="0.106">
    <system-out><![CDATA[2026-09-09T20:53:39.344+05:30  INFO 71828 --- [o-auto-1-exec-7] c.forexbot.service.TickPipelineService   : Executing trade #2 BUY on EUR/USD (Market is TRENDING with a valid BUY signal)
2026-09-09T20:53:39.344+05:30  INFO 71828 --- [-auto-1-exec-16] c.forexbot.service.TickPipelineService   : Executing trade #4 BUY on EUR/USD (Market is TRENDING with a valid BUY signal)
2026-09-09T20:53:39.344+05:30  INFO 71828 --- [o-auto-1-exec-5] c.forexbot.service.TickPipelineService   : Executing trade #10 BUY on EUR/USD (Market is TRENDING with a valid BUY signal)
2026-09-09T20:53:39.344+05:30  INFO 71828 --- [o-auto-1-exec-6] c.forexbot.service.TickPipelineService   : Executing trade #11 BUY on EUR/USD (Market is TRENDING with a valid BUY signal)
2026-09-09T20:53:39.344+05:30  INFO 71828 --- [-auto-1-exec-30] c.forexbot.service.TickPipelineService   : Executing trade #13 BUY on EUR/USD (Market is TRENDING with a valid BUY signal)
2026-09-09T20:53:39.344+05:30  INFO 71828 --- [-auto-1-exec-23] c.forexbot.service.TickPipelineService   : Executing trade #1 BUY on EUR/USD (Market is TRENDING with a valid BUY signal)
2026-09-09T20:53:39.344+05:30  INFO 71828 --- [o-auto-1-exec-1] c.forexbot.service.TickPipelineService   : Executing trade #15 BUY on EUR/USD (Market is TRENDING with a valid BUY signal)
2026-09-09T20:53:39.344+05:30  INFO 71828 --- [-auto-1-exec-13] c.forexbot.service.TickPipelineService   : Executing trade #16 BUY on EUR/USD (Market is TRENDING with a valid BUY signal)
2026-09-09T20:53:39.344+05:30  INFO 71828 --- [-auto-1-exec-11] c.forexbot.service.TickPipelineService   : Executing trade #7 BUY on EUR/USD (Market is TRENDING with a valid BUY signal)
2026-09-09T20:53:39.345+05:30  INFO 71828 --- [o-auto-1-exec-2] c.forexbot.service.TickPipelineService   : Executing trade #17 BUY on EUR/USD (Market is TRENDING with a valid BUY signal)
2026-09-09T20:53:39.344+05:30  INFO 71828 --- [-auto-1-exec-28] c.forexbot.service.TickPipelineService   : Executing trade #5 BUY on EUR/USD (Market is TRENDING with a valid BUY signal)
2026-09-09T20:53:39.345+05:30  INFO 71828 --- [-auto-1-exec-10] c.forexbot.service.TickPipelineService   : Executing trade #19 BUY on EUR/USD (Market is TRENDING with a valid BUY signal)
2026-09-09T20:53:39.345+05:30  INFO 71828 --- [-auto-1-exec-17] c.forexbot.service.TickPipelineService   : Executing trade #20 BUY on EUR/USD (Market is TRENDING with a valid BUY signal)
2026-09-09T20:53:39.344+05:30  INFO 71828 --- [-auto-1-exec-14] c.forexbot.service.TickPipelineService   : Executing trade #6 BUY on EUR/USD (Market is TRENDING with a valid BUY signal)
2026-09-09T20:53:39.345+05:30  INFO 71828 --- [-auto-1-exec-29] c.forexbot.service.TickPipelineService   : Executing trade #21 BUY on EUR/USD (Market is TRENDING with a valid BUY signal)
2026-09-09T20:53:39.345+05:30  INFO 71828 --- [-auto-1-exec-15] c.forexbot.service.TickPipelineService   : Executing trade #23 BUY on EUR/USD (Market is TRENDING with a valid BUY signal)
2026-09-09T20:53:39.345+05:30  INFO 71828 --- [-auto-1-exec-32] c.forexbot.service.TickPipelineService   : Executing trade #24 BUY on EUR/USD (Market is TRENDING with a valid BUY signal)
2026-09-09T20:53:39.346+05:30  INFO 71828 --- [-auto-1-exec-19] c.forexbot.service.TickPipelineService   : Executing trade #27 BUY on EUR/USD (Market is TRENDING with a valid BUY signal)
2026-09-09T20:53:39.346+05:30  INFO 71828 --- [-auto-1-exec-22] c.forexbot.service.TickPipelineService   : Executing trade #28 BUY on EUR/USD (Market is TRENDING with a valid BUY signal)
2026-09-09T20:53:39.344+05:30  INFO 71828 --- [o-auto-1-exec-4] c.forexbot.service.TickPipelineService   : Executing trade #3 BUY on EUR/USD (Market is TRENDING with a valid BUY signal)
2026-09-09T20:53:39.346+05:30  INFO 71828 --- [-auto-1-exec-20] c.forexbot.service.TickPipelineService   : Executing trade #29 BUY on EUR/USD (Market is TRENDING with a valid BUY signal)
2026-09-09T20:53:39.344+05:30  INFO 71828 --- [-auto-1-exec-27] c.forexbot.service.TickPipelineService   : Executing trade #8 BUY on EUR/USD (Market is TRENDING with a valid BUY signal)
2026-09-09T20:53:39.344+05:30  INFO 71828 --- [o-auto-1-exec-9] c.forexbot.service.TickPipelineService   : Executing trade #9 BUY on EUR/USD (Market is TRENDING with a valid BUY signal)
2026-09-09T20:53:39.346+05:30  INFO 71828 --- [-auto-1-exec-25] c.forexbot.service.TickPipelineService   : Executing trade #30 BUY on EUR/USD (Market is TRENDING with a valid BUY signal)
2026-09-09T20:53:39.344+05:30  INFO 71828 --- [o-auto-1-exec-3] c.forexbot.service.TickPipelineService   : Executing trade #12 BUY on EUR/USD (Market is TRENDING with a valid BUY signal)
2026-09-09T20:53:39.347+05:30  INFO 71828 --- [-auto-1-exec-26] c.forexbot.service.TickPipelineService   : Executing trade #32 BUY on EUR/USD (Market is TRENDING with a valid BUY signal)
2026-09-09T20:53:39.344+05:30  INFO 71828 --- [o-auto-1-exec-8] c.forexbot.service.TickPipelineService   : Executing trade #14 BUY on EUR/USD (Market is TRENDING with a valid BUY signal)
2026-09-09T20:53:39.345+05:30  INFO 71828 --- [-auto-1-exec-12] c.forexbot.service.TickPipelineService   : Executing trade #18 BUY on EUR/USD (Market is TRENDING with a valid BUY signal)
2026-09-09T20:53:39.347+05:30  INFO 71828 --- [-auto-1-exec-20] c.forexbot.service.TickPipelineService   : Executing trade #34 BUY on EUR/USD (Market is TRENDING with a valid BUY signal)
2026-09-09T20:53:39.348+05:30  INFO 71828 --- [-auto-1-exec-30] c.forexbot.service.TickPipelineService   : Executing trade #35 BUY on EUR/USD (Market is TRENDING with a valid BUY signal)
2026-09-09T20:53:39.345+05:30  INFO 71828 --- [-auto-1-exec-31] c.forexbot.service.TickPipelineService   : Executing trade #22 BUY on EUR/USD (Market is TRENDING with a valid BUY signal)
2026-09-09T20:53:39.348+05:30  INFO 71828 --- [o-auto-1-exec-8] c.forexbot.service.TickPipelineService   : Executing trade #36 BUY on EUR/USD (Market is TRENDING with a valid BUY signal)
2026-09-09T20:53:39.348+05:30  INFO 71828 --- [o-auto-1-exec-9] c.forexbot.service.TickPipelineService   : Executing trade #37 BUY on EUR/USD (Market is TRENDING with a valid BUY signal)
2026-09-09T20:53:39.348+05:30  INFO 71828 --- [-auto-1-exec-20] c.forexbot.service.TickPipelineService   : Executing trade #38 BUY on EUR/USD (Market is TRENDING with a valid BUY signal)
2026-09-09T20:53:39.349+05:30  INFO 71828 --- [-auto-1-exec-30] c.forexbot.service.TickPipelineService   : Executing trade #39 BUY on EUR/USD (Market is TRENDING with a valid BUY signal)
2026-09-09T20:53:39.349+05:30  INFO 71828 --- [-auto-1-exec-13] c.forexbot.service.TickPipelineService   : Executing trade #40 BUY on EUR/USD (Market is TRENDING with a valid BUY signal)
2026-09-09T20:53:39.349+05:30  INFO 71828 --- [o-auto-1-exec-8] c.forexbot.service.TickPipelineService   : Executing trade #41 BUY on EUR/USD (Market is TRENDING with a valid BUY signal)
2026-09-09T20:53:39.349+05:30  INFO 71828 --- [o-auto-1-exec-9] c.forexbot.service.TickPipelineService   : Executing trade #42 BUY on EUR/USD (Market is TRENDING with a valid BUY signal)
2026-09-09T20:53:39.350+05:30  INFO 71828 --- [o-auto-1-exec-1] c.forexbot.service.TickPipelineService   : Executing trade #44 BUY on EUR/USD (Market is TRENDING with a valid BUY signal)
2026-09-09T20:53:39.345+05:30  INFO 71828 --- [-auto-1-exec-18] c.forexbot.service.TickPipelineService   : Executing trade #25 BUY on EUR/USD (Market is TRENDING with a valid BUY signal)
2026-09-09T20:53:39.350+05:30  INFO 71828 --- [-auto-1-exec-13] c.forexbot.service.TickPipelineService   : Executing trade #45 BUY on EUR/USD (Market is TRENDING with a valid BUY signal)
2026-09-09T20:53:39.350+05:30  INFO 71828 --- [-auto-1-exec-31] c.forexbot.service.TickPipelineService   : Executing trade #46 BUY on EUR/USD (Market is TRENDING with a valid BUY signal)
2026-09-09T20:53:39.350+05:30  INFO 71828 --- [o-auto-1-exec-9] c.forexbot.service.TickPipelineService   : Executing trade #47 BUY on EUR/USD (Market is TRENDING with a valid BUY signal)
2026-09-09T20:53:39.351+05:30  INFO 71828 --- [o-auto-1-exec-5] c.forexbot.service.TickPipelineService   : Executing trade #48 BUY on EUR/USD (Market is TRENDING with a valid BUY signal)
2026-09-09T20:53:39.351+05:30  INFO 71828 --- [o-auto-1-exec-1] c.forexbot.service.TickPipelineService   : Executing trade #49 BUY on EUR/USD (Market is TRENDING with a valid BUY signal)
2026-09-09T20:53:39.345+05:30  INFO 71828 --- [-auto-1-exec-21] c.forexbot.service.TickPipelineService   : Executing trade #26 BUY on EUR/USD (Market is TRENDING with a valid BUY signal)
2026-09-09T20:53:39.352+05:30  WARN 71828 --- [-auto-1-exec-11] c.forexbot.service.TickPipelineService   : Tick for EUR/USD blocked by risk firewall: Max daily trades reached: 50/50
2026-09-09T20:53:39.352+05:30  WARN 71828 --- [-auto-1-exec-31] c.forexbot.service.TickPipelineService   : Tick for EUR/USD blocked by risk firewall: Max daily trades reached: 50/50
2026-09-09T20:53:39.347+05:30  INFO 71828 --- [-auto-1-exec-24] c.forexbot.service.TickPipelineService   : Executing trade #31 BUY on EUR/USD (Market is TRENDING with a valid BUY signal)
2026-09-09T20:53:39.352+05:30  WARN 71828 --- [-auto-1-exec-10] c.forexbot.service.TickPipelineService   : Tick for EUR/USD blocked by risk firewall: Max daily trades reached: 50/50
2026-09-09T20:53:39.352+05:30  WARN 71828 --- [-auto-1-exec-14] c.forexbot.service.TickPipelineService   : Tick for EUR/USD blocked by risk firewall: Max daily trades reached: 50/50
2026-09-09T20:53:39.347+05:30  INFO 71828 --- [o-auto-1-exec-6] c.forexbot.service.TickPipelineService   : Executing trade #33 BUY on EUR/USD (Market is TRENDING with a valid BUY signal)
2026-09-09T20:53:39.353+05:30  WARN 71828 --- [-auto-1-exec-13] c.forexbot.service.TickPipelineService   : Tick for EUR/USD blocked by risk firewall: Max daily trades reached: 50/50
2026-09-09T20:53:39.353+05:30  WARN 71828 --- [-auto-1-exec-28] c.forexbot.service.TickPipelineService   : Tick for EUR/USD blocked by risk firewall: Max daily trades reached: 50/50
2026-09-09T20:53:39.353+05:30  WARN 71828 --- [-auto-1-exec-31] c.forexbot.service.TickPipelineService   : Tick for EUR/USD blocked by risk firewall: Max daily trades reached: 50/50
2026-09-09T20:53:39.353+05:30  WARN 71828 --- [-auto-1-exec-10] c.forexbot.service.TickPipelineService   : Tick for EUR/USD blocked by risk firewall: Max daily trades reached: 50/50
2026-09-09T20:53:39.354+05:30  WARN 71828 --- [-auto-1-exec-21] c.forexbot.service.TickPipelineService   : Tick for EUR/USD blocked by risk firewall: Max daily trades reached: 50/50
2026-09-09T20:53:39.354+05:30  WARN 71828 --- [-auto-1-exec-13] c.forexbot.service.TickPipelineService   : Tick for EUR/USD blocked by risk firewall: Max daily trades reached: 50/50
2026-09-09T20:53:39.350+05:30  INFO 71828 --- [-auto-1-exec-12] c.forexbot.service.TickPipelineService   : Executing trade #43 BUY on EUR/USD (Market is TRENDING with a valid BUY signal)
2026-09-09T20:53:39.354+05:30  WARN 71828 --- [-auto-1-exec-28] c.forexbot.service.TickPipelineService   : Tick for EUR/USD blocked by risk firewall: Max daily trades reached: 50/50
2026-09-09T20:53:39.354+05:30  WARN 71828 --- [o-auto-1-exec-2] c.forexbot.service.TickPipelineService   : Tick for EUR/USD blocked by risk firewall: Max daily trades reached: 50/50
2026-09-09T20:53:39.355+05:30  WARN 71828 --- [-auto-1-exec-14] c.forexbot.service.TickPipelineService   : Tick for EUR/USD blocked by risk firewall: Max daily trades reached: 50/50
2026-09-09T20:53:39.351+05:30  INFO 71828 --- [o-auto-1-exec-8] c.forexbot.service.TickPipelineService   : Executing trade #50 BUY on EUR/USD (Market is TRENDING with a valid BUY signal)
2026-09-09T20:53:39.355+05:30  WARN 71828 --- [o-auto-1-exec-2] c.forexbot.service.TickPipelineService   : Tick for EUR/USD blocked by risk firewall: Max daily trades reached: 50/50
2026-09-09T20:53:39.355+05:30  WARN 71828 --- [-auto-1-exec-13] c.forexbot.service.TickPipelineService   : Tick for EUR/USD blocked by risk firewall: Max daily trades reached: 50/50
2026-09-09T20:53:39.356+05:30  WARN 71828 --- [-auto-1-exec-32] c.forexbot.service.TickPipelineService   : Tick for EUR/USD blocked by risk firewall: Max daily trades reached: 50/50
2026-09-09T20:53:39.356+05:30  WARN 71828 --- [-auto-1-exec-12] c.forexbot.service.TickPipelineService   : Tick for EUR/USD blocked by risk firewall: Max daily trades reached: 50/50
2026-09-09T20:53:39.352+05:30  WARN 71828 --- [o-auto-1-exec-5] c.forexbot.service.TickPipelineService   : Tick for EUR/USD blocked by risk firewall: Max daily trades reached: 50/50
2026-09-09T20:53:39.352+05:30  WARN 71828 --- [-auto-1-exec-18] c.forexbot.service.TickPipelineService   : Tick for EUR/USD blocked by risk firewall: Max daily trades reached: 50/50
2026-09-09T20:53:39.356+05:30  WARN 71828 --- [-auto-1-exec-29] c.forexbot.service.TickPipelineService   : Tick for EUR/USD blocked by risk firewall: Max daily trades reached: 50/50
2026-09-09T20:53:39.357+05:30  WARN 71828 --- [-auto-1-exec-12] c.forexbot.service.TickPipelineService   : Tick for EUR/USD blocked by risk firewall: Max daily trades reached: 50/50
2026-09-09T20:53:39.357+05:30  WARN 71828 --- [o-auto-1-exec-5] c.forexbot.service.TickPipelineService   : Tick for EUR/USD blocked by risk firewall: Max daily trades reached: 50/50
2026-09-09T20:53:39.357+05:30  WARN 71828 --- [-auto-1-exec-19] c.forexbot.service.TickPipelineService   : Tick for EUR/USD blocked by risk firewall: Max daily trades reached: 50/50
2026-09-09T20:53:39.357+05:30  WARN 71828 --- [-auto-1-exec-17] c.forexbot.service.TickPipelineService   : Tick for EUR/USD blocked by risk firewall: Max daily trades reached: 50/50
2026-09-09T20:53:39.352+05:30  WARN 71828 --- [o-auto-1-exec-1] c.forexbot.service.TickPipelineService   : Tick for EUR/USD blocked by risk firewall: Max daily trades reached: 50/50
2026-09-09T20:53:39.357+05:30  WARN 71828 --- [-auto-1-exec-18] c.forexbot.service.TickPipelineService   : Tick for EUR/USD blocked by risk firewall: Max daily trades reached: 50/50
2026-09-09T20:53:39.358+05:30  WARN 71828 --- [-auto-1-exec-12] c.forexbot.service.TickPipelineService   : Tick for EUR/USD blocked by risk firewall: Max daily trades reached: 50/50
2026-09-09T20:53:39.358+05:30  WARN 71828 --- [-auto-1-exec-19] c.forexbot.service.TickPipelineService   : Tick for EUR/USD blocked by risk firewall: Max daily trades reached: 50/50
2026-09-09T20:53:39.354+05:30  WARN 71828 --- [-auto-1-exec-24] c.forexbot.service.TickPipelineService   : Tick for EUR/USD blocked by risk firewall: Max daily trades reached: 50/50
2026-09-09T20:53:39.358+05:30  WARN 71828 --- [-auto-1-exec-32] c.forexbot.service.TickPipelineService   : Tick for EUR/USD blocked by risk firewall: Max daily trades reached: 50/50
2026-09-09T20:53:39.354+05:30  WARN 71828 --- [-auto-1-exec-11] c.forexbot.service.TickPipelineService   : Tick for EUR/USD blocked by risk firewall: Max daily trades reached: 50/50
2026-09-09T20:53:39.354+05:30  WARN 71828 --- [o-auto-1-exec-6] c.forexbot.service.TickPipelineService   : Tick for EUR/USD blocked by risk firewall: Max daily trades reached: 50/50
2026-09-09T20:53:39.355+05:30  WARN 71828 --- [-auto-1-exec-14] c.forexbot.service.TickPipelineService   : Tick for EUR/USD blocked by risk firewall: Max daily trades reached: 50/50
2026-09-09T20:53:39.359+05:30  WARN 71828 --- [-auto-1-exec-18] c.forexbot.service.TickPipelineService   : Tick for EUR/USD blocked by risk firewall: Max daily trades reached: 50/50
2026-09-09T20:53:39.359+05:30  WARN 71828 --- [o-auto-1-exec-9] c.forexbot.service.TickPipelineService   : Tick for EUR/USD blocked by risk firewall: Max daily trades reached: 50/50
2026-09-09T20:53:39.356+05:30  WARN 71828 --- [-auto-1-exec-21] c.forexbot.service.TickPipelineService   : Tick for EUR/USD blocked by risk firewall: Max daily trades reached: 50/50
2026-09-09T20:53:39.359+05:30  WARN 71828 --- [-auto-1-exec-11] c.forexbot.service.TickPipelineService   : Tick for EUR/USD blocked by risk firewall: Max daily trades reached: 50/50
2026-09-09T20:53:39.359+05:30  WARN 71828 --- [-auto-1-exec-25] c.forexbot.service.TickPipelineService   : Tick for EUR/USD blocked by risk firewall: Max daily trades reached: 50/50
2026-09-09T20:53:39.356+05:30  WARN 71828 --- [o-auto-1-exec-8] c.forexbot.service.TickPipelineService   : Tick for EUR/USD blocked by risk firewall: Max daily trades reached: 50/50
2026-09-09T20:53:39.362+05:30  WARN 71828 --- [-auto-1-exec-12] c.forexbot.service.TickPipelineService   : Tick for EUR/USD blocked by risk firewall: Max daily trades reached: 50/50
2026-09-09T20:53:39.363+05:30  WARN 71828 --- [-auto-1-exec-32] c.forexbot.service.TickPipelineService   : Tick for EUR/USD blocked by risk firewall: Max daily trades reached: 50/50
2026-09-09T20:53:39.357+05:30  WARN 71828 --- [-auto-1-exec-13] c.forexbot.service.TickPipelineService   : Tick for EUR/USD blocked by risk firewall: Max daily trades reached: 50/50
2026-09-09T20:53:39.357+05:30  WARN 71828 --- [-auto-1-exec-29] c.forexbot.service.TickPipelineService   : Tick for EUR/USD blocked by risk firewall: Max daily trades reached: 50/50
2026-09-09T20:53:39.358+05:30  WARN 71828 --- [o-auto-1-exec-5] c.forexbot.service.TickPipelineService   : Tick for EUR/USD blocked by risk firewall: Max daily trades reached: 50/50
2026-09-09T20:53:39.359+05:30  WARN 71828 --- [o-auto-1-exec-4] c.forexbot.service.TickPipelineService   : Tick for EUR/USD blocked by risk firewall: Max daily trades reached: 50/50
2026-09-09T20:53:39.364+05:30  WARN 71828 --- [-auto-1-exec-20] c.forexbot.service.TickPipelineService   : Tick for EUR/USD blocked by risk firewall: Max daily trades reached: 50/50
2026-09-09T20:53:39.364+05:30  WARN 71828 --- [-auto-1-exec-29] c.forexbot.service.TickPipelineService   : Tick for EUR/USD blocked by risk firewall: Max daily trades reached: 50/50
2026-09-09T20:53:39.364+05:30  WARN 71828 --- [o-auto-1-exec-6] c.forexbot.service.TickPipelineService   : Tick for EUR/USD blocked by risk firewall: Max daily trades reached: 50/50
2026-09-09T20:53:39.363+05:30  WARN 71828 --- [o-auto-1-exec-3] c.forexbot.service.TickPipelineService   : Tick for EUR/USD blocked by risk firewall: Max daily trades reached: 50/50
2026-09-09T20:53:39.365+05:30  WARN 71828 --- [-auto-1-exec-31] c.forexbot.service.TickPipelineService   : Tick for EUR/USD blocked by risk firewall: Max daily trades reached: 50/50
2026-09-09T20:53:39.365+05:30  WARN 71828 --- [-auto-1-exec-20] c.forexbot.service.TickPipelineService   : Tick for EUR/USD blocked by risk firewall: Max daily trades reached: 50/50
2026-09-09T20:53:39.365+05:30  WARN 71828 --- [-auto-1-exec-13] c.forexbot.service.TickPipelineService   : Tick for EUR/USD blocked by risk firewall: Max daily trades reached: 50/50
2026-09-09T20:53:39.365+05:30  WARN 71828 --- [o-auto-1-exec-5] c.forexbot.service.TickPipelineService   : Tick for EUR/USD blocked by risk firewall: Max daily trades reached: 50/50
2026-09-09T20:53:39.365+05:30  WARN 71828 --- [o-auto-1-exec-3] c.forexbot.service.TickPipelineService   : Tick for EUR/USD blocked by risk firewall: Max daily trades reached: 50/50
2026-09-09T20:53:39.364+05:30  WARN 71828 --- [-auto-1-exec-32] c.forexbot.service.TickPipelineService   : Tick for EUR/USD blocked by risk firewall: Max daily trades reached: 50/50
2026-09-09T20:53:39.366+05:30  WARN 71828 --- [-auto-1-exec-31] c.forexbot.service.TickPipelineService   : Tick for EUR/USD blocked by risk firewall: Max daily trades reached: 50/50
2026-09-09T20:53:39.366+05:30  WARN 71828 --- [-auto-1-exec-20] c.forexbot.service.TickPipelineService   : Tick for EUR/USD blocked by risk firewall: Max daily trades reached: 50/50
2026-09-09T20:53:39.366+05:30  WARN 71828 --- [o-auto-1-exec-5] c.forexbot.service.TickPipelineService   : Tick for EUR/USD blocked by risk firewall: Max daily trades reached: 50/50
2026-09-09T20:53:39.366+05:30  WARN 71828 --- [o-auto-1-exec-3] c.forexbot.service.TickPipelineService   : Tick for EUR/USD blocked by risk firewall: Max daily trades reached: 50/50
2026-09-09T20:53:39.366+05:30  WARN 71828 --- [-auto-1-exec-32] c.forexbot.service.TickPipelineService   : Tick for EUR/USD blocked by risk firewall: Max daily trades reached: 50/50
2026-09-09T20:53:39.366+05:30  WARN 71828 --- [-auto-1-exec-31] c.forexbot.service.TickPipelineService   : Tick for EUR/USD blocked by risk firewall: Max daily trades reached: 50/50
2026-09-09T20:53:39.364+05:30  WARN 71828 --- [-auto-1-exec-30] c.forexbot.service.TickPipelineService   : Tick for EUR/USD blocked by risk firewall: Max daily trades reached: 50/50
2026-09-09T20:53:39.367+05:30  WARN 71828 --- [-auto-1-exec-24] c.forexbot.service.TickPipelineService   : Tick for EUR/USD blocked by risk firewall: Max daily trades reached: 50/50
2026-09-09T20:53:39.367+05:30  WARN 71828 --- [-auto-1-exec-31] c.forexbot.service.TickPipelineService   : Tick for EUR/USD blocked by risk firewall: Max daily trades reached: 50/50
2026-09-09T20:53:39.365+05:30  WARN 71828 --- [-auto-1-exec-23] c.forexbot.service.TickPipelineService   : Tick for EUR/USD blocked by risk firewall: Max daily trades reached: 50/50
2026-09-09T20:53:39.367+05:30  WARN 71828 --- [-auto-1-exec-24] c.forexbot.service.TickPipelineService   : Tick for EUR/USD blocked by risk firewall: Max daily trades reached: 50/50
2026-09-09T20:53:39.367+05:30  WARN 71828 --- [o-auto-1-exec-4] c.forexbot.service.TickPipelineService   : Tick for EUR/USD blocked by risk firewall: Max daily trades reached: 50/50
2026-09-09T20:53:39.365+05:30  WARN 71828 --- [-auto-1-exec-10] c.forexbot.service.TickPipelineService   : Tick for EUR/USD blocked by risk firewall: Max daily trades reached: 50/50
2026-09-09T20:53:39.368+05:30  WARN 71828 --- [-auto-1-exec-28] c.forexbot.service.TickPipelineService   : Tick for EUR/USD blocked by risk firewall: Max daily trades reached: 50/50
2026-09-09T20:53:39.368+05:30  WARN 71828 --- [-auto-1-exec-24] c.forexbot.service.TickPipelineService   : Tick for EUR/USD blocked by risk firewall: Max daily trades reached: 50/50
2026-09-09T20:53:39.366+05:30  WARN 71828 --- [o-auto-1-exec-6] c.forexbot.service.TickPipelineService   : Tick for EUR/USD blocked by risk firewall: Max daily trades reached: 50/50
2026-09-09T20:53:39.369+05:30  WARN 71828 --- [o-auto-1-exec-2] c.forexbot.service.TickPipelineService   : Tick for EUR/USD blocked by risk firewall: Max daily trades reached: 50/50
2026-09-09T20:53:39.369+05:30  WARN 71828 --- [-auto-1-exec-23] c.forexbot.service.TickPipelineService   : Tick for EUR/USD blocked by risk firewall: Max daily trades reached: 50/50
2026-09-09T20:53:39.370+05:30  WARN 71828 --- [-auto-1-exec-17] c.forexbot.service.TickPipelineService   : Tick for EUR/USD blocked by risk firewall: Max daily trades reached: 50/50
2026-09-09T20:53:39.370+05:30  WARN 71828 --- [-auto-1-exec-30] c.forexbot.service.TickPipelineService   : Tick for EUR/USD blocked by risk firewall: Max daily trades reached: 50/50
2026-09-09T20:53:39.370+05:30  WARN 71828 --- [-auto-1-exec-24] c.forexbot.service.TickPipelineService   : Tick for EUR/USD blocked by risk firewall: Max daily trades reached: 50/50
2026-09-09T20:53:39.370+05:30  WARN 71828 --- [-auto-1-exec-16] c.forexbot.service.TickPipelineService   : Tick for EUR/USD blocked by risk firewall: Max daily trades reached: 50/50
2026-09-09T20:53:39.370+05:30  WARN 71828 --- [-auto-1-exec-27] c.forexbot.service.TickPipelineService   : Tick for EUR/USD blocked by risk firewall: Max daily trades reached: 50/50
2026-09-09T20:53:39.370+05:30  WARN 71828 --- [-auto-1-exec-19] c.forexbot.service.TickPipelineService   : Tick for EUR/USD blocked by risk firewall: Max daily trades reached: 50/50
2026-09-09T20:53:39.371+05:30  WARN 71828 --- [-auto-1-exec-22] c.forexbot.service.TickPipelineService   : Tick for EUR/USD blocked by risk firewall: Max daily trades reached: 50/50
2026-09-09T20:53:39.371+05:30  WARN 71828 --- [-auto-1-exec-11] c.forexbot.service.TickPipelineService   : Tick for EUR/USD blocked by risk firewall: Max daily trades reached: 50/50
2026-09-09T20:53:39.371+05:30  WARN 71828 --- [-auto-1-exec-25] c.forexbot.service.TickPipelineService   : Tick for EUR/USD blocked by risk firewall: Max daily trades reached: 50/50
2026-09-09T20:53:39.371+05:30  WARN 71828 --- [o-auto-1-exec-1] c.forexbot.service.TickPipelineService   : Tick for EUR/USD blocked by risk firewall: Max daily trades reached: 50/50
2026-09-09T20:53:39.371+05:30  WARN 71828 --- [-auto-1-exec-18] c.forexbot.service.TickPipelineService   : Tick for EUR/USD blocked by risk firewall: Max daily trades reached: 50/50
2026-09-09T20:53:39.371+05:30  WARN 71828 --- [o-auto-1-exec-9] c.forexbot.service.TickPipelineService   : Tick for EUR/USD blocked by risk firewall: Max daily trades reached: 50/50
2026-09-09T20:53:39.371+05:30  WARN 71828 --- [o-auto-1-exec-8] c.forexbot.service.TickPipelineService   : Tick for EUR/USD blocked by risk firewall: Max daily trades reached: 50/50
2026-09-09T20:53:39.371+05:30  WARN 71828 --- [-auto-1-exec-22] c.forexbot.service.TickPipelineService   : Tick for EUR/USD blocked by risk firewall: Max daily trades reached: 50/50
2026-09-09T20:53:39.372+05:30  WARN 71828 --- [-auto-1-exec-25] c.forexbot.service.TickPipelineService   : Tick for EUR/USD blocked by risk firewall: Max daily trades reached: 50/50
2026-09-09T20:53:39.372+05:30  WARN 71828 --- [o-auto-1-exec-4] c.forexbot.service.TickPipelineService   : Tick for EUR/USD blocked by risk firewall: Max daily trades reached: 50/50
2026-09-09T20:53:39.372+05:30  WARN 71828 --- [-auto-1-exec-23] c.forexbot.service.TickPipelineService   : Tick for EUR/USD blocked by risk firewall: Max daily trades reached: 50/50
2026-09-09T20:53:39.372+05:30  WARN 71828 --- [o-auto-1-exec-1] c.forexbot.service.TickPipelineService   : Tick for EUR/USD blocked by risk firewall: Max daily trades reached: 50/50
2026-09-09T20:53:39.372+05:30  WARN 71828 --- [-auto-1-exec-19] c.forexbot.service.TickPipelineService   : Tick for EUR/USD blocked by risk firewall: Max daily trades reached: 50/50
2026-09-09T20:53:39.372+05:30  WARN 71828 --- [-auto-1-exec-25] c.forexbot.service.TickPipelineService   : Tick for EUR/USD blocked by risk firewall: Max daily trades reached: 50/50
2026-09-09T20:53:39.372+05:30  WARN 71828 --- [-auto-1-exec-18] c.forexbot.service.TickPipelineService   : Tick for EUR/USD blocked by risk firewall: Max daily trades reached: 50/50
2026-09-09T20:53:39.373+05:30  WARN 71828 --- [-auto-1-exec-11] c.forexbot.service.TickPipelineService   : Tick for EUR/USD blocked by risk firewall: Max daily trades reached: 50/50
2026-09-09T20:53:39.373+05:30  WARN 71828 --- [-auto-1-exec-31] c.forexbot.service.TickPipelineService   : Tick for EUR/USD blocked by risk firewall: Max daily trades reached: 50/50
2026-09-09T20:53:39.371+05:30  WARN 71828 --- [o-auto-1-exec-7] c.forexbot.service.TickPipelineService   : Tick for EUR/USD blocked by risk firewall: Max daily trades reached: 50/50
2026-09-09T20:53:39.371+05:30  WARN 71828 --- [-auto-1-exec-14] c.forexbot.service.TickPipelineService   : Tick for EUR/USD blocked by risk firewall: Max daily trades reached: 50/50
2026-09-09T20:53:39.371+05:30  WARN 71828 --- [-auto-1-exec-21] c.forexbot.service.TickPipelineService   : Tick for EUR/USD blocked by risk firewall: Max daily trades reached: 50/50
2026-09-09T20:53:39.372+05:30  WARN 71828 --- [-auto-1-exec-12] c.forexbot.service.TickPipelineService   : Tick for EUR/USD blocked by risk firewall: Max daily trades reached: 50/50
2026-09-09T20:53:39.372+05:30  WARN 71828 --- [o-auto-1-exec-2] c.forexbot.service.TickPipelineService   : Tick for EUR/USD blocked by risk firewall: Max daily trades reached: 50/50
2026-09-09T20:53:39.375+05:30  WARN 71828 --- [-auto-1-exec-15] c.forexbot.service.TickPipelineService   : Tick for EUR/USD blocked by risk firewall: Max daily trades reached: 50/50
2026-09-09T20:53:39.375+05:30  WARN 71828 --- [-auto-1-exec-21] c.forexbot.service.TickPipelineService   : Tick for EUR/USD blocked by risk firewall: Max daily trades reached: 50/50
2026-09-09T20:53:39.375+05:30  WARN 71828 --- [-auto-1-exec-20] c.forexbot.service.TickPipelineService   : Tick for EUR/USD blocked by risk firewall: Max daily trades reached: 50/50
2026-09-09T20:53:39.375+05:30  WARN 71828 --- [o-auto-1-exec-3] c.forexbot.service.TickPipelineService   : Tick for EUR/USD blocked by risk firewall: Max daily trades reached: 50/50
2026-09-09T20:53:39.375+05:30  WARN 71828 --- [o-auto-1-exec-5] c.forexbot.service.TickPipelineService   : Tick for EUR/USD blocked by risk firewall: Max daily trades reached: 50/50
2026-09-09T20:53:39.376+05:30  WARN 71828 --- [-auto-1-exec-15] c.forexbot.service.TickPipelineService   : Tick for EUR/USD blocked by risk firewall: Max daily trades reached: 50/50
2026-09-09T20:53:39.373+05:30  WARN 71828 --- [o-auto-1-exec-4] c.forexbot.service.TickPipelineService   : Tick for EUR/USD blocked by risk firewall: Max daily trades reached: 50/50
2026-09-09T20:53:39.376+05:30  WARN 71828 --- [o-auto-1-exec-3] c.forexbot.service.TickPipelineService   : Tick for EUR/USD blocked by risk firewall: Max daily trades reached: 50/50
2026-09-09T20:53:39.376+05:30  WARN 71828 --- [-auto-1-exec-12] c.forexbot.service.TickPipelineService   : Tick for EUR/USD blocked by risk firewall: Max daily trades reached: 50/50
2026-09-09T20:53:39.377+05:30  WARN 71828 --- [-auto-1-exec-32] c.forexbot.service.TickPipelineService   : Tick for EUR/USD blocked by risk firewall: Max daily trades reached: 50/50
2026-09-09T20:53:39.377+05:30  WARN 71828 --- [o-auto-1-exec-4] c.forexbot.service.TickPipelineService   : Tick for EUR/USD blocked by risk firewall: Max daily trades reached: 50/50
2026-09-09T20:53:39.376+05:30  WARN 71828 --- [-auto-1-exec-21] c.forexbot.service.TickPipelineService   : Tick for EUR/USD blocked by risk firewall: Max daily trades reached: 50/50
2026-09-09T20:53:39.377+05:30  WARN 71828 --- [o-auto-1-exec-3] c.forexbot.service.TickPipelineService   : Tick for EUR/USD blocked by risk firewall: Max daily trades reached: 50/50
2026-09-09T20:53:39.376+05:30  WARN 71828 --- [o-auto-1-exec-2] c.forexbot.service.TickPipelineService   : Tick for EUR/USD blocked by risk firewall: Max daily trades reached: 50/50
2026-09-09T20:53:39.377+05:30  WARN 71828 --- [-auto-1-exec-32] c.forexbot.service.TickPipelineService   : Tick for EUR/USD blocked by risk firewall: Max daily trades reached: 50/50
2026-09-09T20:53:39.378+05:30  WARN 71828 --- [o-auto-1-exec-4] c.forexbot.service.TickPipelineService   : Tick for EUR/USD blocked by risk firewall: Max daily trades reached: 50/50
2026-09-09T20:53:39.378+05:30  WARN 71828 --- [-auto-1-exec-28] c.forexbot.service.TickPipelineService   : Tick for EUR/USD blocked by risk firewall: Max daily trades reached: 50/50
2026-09-09T20:53:39.378+05:30  WARN 71828 --- [o-auto-1-exec-2] c.forexbot.service.TickPipelineService   : Tick for EUR/USD blocked by risk firewall: Max daily trades reached: 50/50
2026-09-09T20:53:39.378+05:30  WARN 71828 --- [-auto-1-exec-32] c.forexbot.service.TickPipelineService   : Tick for EUR/USD blocked by risk firewall: Max daily trades reached: 50/50
2026-09-09T20:53:39.378+05:30  WARN 71828 --- [-auto-1-exec-12] c.forexbot.service.TickPipelineService   : Tick for EUR/USD blocked by risk firewall: Max daily trades reached: 50/50
2026-09-09T20:53:39.378+05:30  WARN 71828 --- [o-auto-1-exec-4] c.forexbot.service.TickPipelineService   : Tick for EUR/USD blocked by risk firewall: Max daily trades reached: 50/50
2026-09-09T20:53:39.379+05:30  WARN 71828 --- [-auto-1-exec-28] c.forexbot.service.TickPipelineService   : Tick for EUR/USD blocked by risk firewall: Max daily trades reached: 50/50
2026-09-09T20:53:39.379+05:30  WARN 71828 --- [-auto-1-exec-21] c.forexbot.service.TickPipelineService   : Tick for EUR/USD blocked by risk firewall: Max daily trades reached: 50/50
2026-09-09T20:53:39.377+05:30  WARN 71828 --- [-auto-1-exec-10] c.forexbot.service.TickPipelineService   : Tick for EUR/USD blocked by risk firewall: Max daily trades reached: 50/50
2026-09-09T20:53:39.379+05:30  WARN 71828 --- [o-auto-1-exec-2] c.forexbot.service.TickPipelineService   : Tick for EUR/USD blocked by risk firewall: Max daily trades reached: 50/50
2026-09-09T20:53:39.379+05:30  WARN 71828 --- [-auto-1-exec-32] c.forexbot.service.TickPipelineService   : Tick for EUR/USD blocked by risk firewall: Max daily trades reached: 50/50
2026-09-09T20:53:39.379+05:30  WARN 71828 --- [o-auto-1-exec-4] c.forexbot.service.TickPipelineService   : Tick for EUR/USD blocked by risk firewall: Max daily trades reached: 50/50
2026-09-09T20:53:39.379+05:30  WARN 71828 --- [o-auto-1-exec-8] c.forexbot.service.TickPipelineService   : Tick for EUR/USD blocked by risk firewall: Max daily trades reached: 50/50
2026-09-09T20:53:39.380+05:30  WARN 71828 --- [-auto-1-exec-28] c.forexbot.service.TickPipelineService   : Tick for EUR/USD blocked by risk firewall: Max daily trades reached: 50/50
2026-09-09T20:53:39.380+05:30  WARN 71828 --- [o-auto-1-exec-3] c.forexbot.service.TickPipelineService   : Tick for EUR/USD blocked by risk firewall: Max daily trades reached: 50/50
2026-09-09T20:53:39.380+05:30  WARN 71828 --- [o-auto-1-exec-2] c.forexbot.service.TickPipelineService   : Tick for EUR/USD blocked by risk firewall: Max daily trades reached: 50/50
2026-09-09T20:53:39.380+05:30  WARN 71828 --- [-auto-1-exec-21] c.forexbot.service.TickPipelineService   : Tick for EUR/USD blocked by risk firewall: Max daily trades reached: 50/50
2026-09-09T20:53:39.381+05:30  WARN 71828 --- [o-auto-1-exec-2] c.forexbot.service.TickPipelineService   : Tick for EUR/USD blocked by risk firewall: Max daily trades reached: 50/50
2026-09-09T20:53:39.380+05:30  WARN 71828 --- [-auto-1-exec-10] c.forexbot.service.TickPipelineService   : Tick for EUR/USD blocked by risk firewall: Max daily trades reached: 50/50
2026-09-09T20:53:39.381+05:30  WARN 71828 --- [-auto-1-exec-16] c.forexbot.service.TickPipelineService   : Tick for EUR/USD blocked by risk firewall: Max daily trades reached: 50/50
2026-09-09T20:53:39.381+05:30  WARN 71828 --- [-auto-1-exec-23] c.forexbot.service.TickPipelineService   : Tick for EUR/USD blocked by risk firewall: Max daily trades reached: 50/50
2026-09-09T20:53:39.382+05:30  WARN 71828 --- [-auto-1-exec-30] c.forexbot.service.TickPipelineService   : Tick for EUR/USD blocked by risk firewall: Max daily trades reached: 50/50
2026-09-09T20:53:39.382+05:30  WARN 71828 --- [-auto-1-exec-21] c.forexbot.service.TickPipelineService   : Tick for EUR/USD blocked by risk firewall: Max daily trades reached: 50/50
2026-09-09T20:53:39.382+05:30  WARN 71828 --- [o-auto-1-exec-2] c.forexbot.service.TickPipelineService   : Tick for EUR/USD blocked by risk firewall: Max daily trades reached: 50/50
2026-09-09T20:53:39.382+05:30  WARN 71828 --- [-auto-1-exec-10] c.forexbot.service.TickPipelineService   : Tick for EUR/USD blocked by risk firewall: Max daily trades reached: 50/50
2026-09-09T20:53:39.382+05:30  WARN 71828 --- [-auto-1-exec-23] c.forexbot.service.TickPipelineService   : Tick for EUR/USD blocked by risk firewall: Max daily trades reached: 50/50
2026-09-09T20:53:39.382+05:30  WARN 71828 --- [-auto-1-exec-30] c.forexbot.service.TickPipelineService   : Tick for EUR/USD blocked by risk firewall: Max daily trades reached: 50/50
2026-09-09T20:53:39.382+05:30  WARN 71828 --- [-auto-1-exec-21] c.forexbot.service.TickPipelineService   : Tick for EUR/USD blocked by risk firewall: Max daily trades reached: 50/50
2026-09-09T20:53:39.383+05:30  WARN 71828 --- [o-auto-1-exec-1] c.forexbot.service.TickPipelineService   : Tick for EUR/USD blocked by risk firewall: Max daily trades reached: 50/50
2026-09-09T20:53:39.383+05:30  WARN 71828 --- [o-auto-1-exec-9] c.forexbot.service.TickPipelineService   : Tick for EUR/USD blocked by risk firewall: Max daily trades reached: 50/50
2026-09-09T20:53:39.383+05:30  WARN 71828 --- [-auto-1-exec-25] c.forexbot.service.TickPipelineService   : Tick for EUR/USD blocked by risk firewall: Max daily trades reached: 50/50
2026-09-09T20:53:39.383+05:30  WARN 71828 --- [-auto-1-exec-30] c.forexbot.service.TickPipelineService   : Tick for EUR/USD blocked by risk firewall: Max daily trades reached: 50/50
2026-09-09T20:53:39.383+05:30  WARN 71828 --- [-auto-1-exec-21] c.forexbot.service.TickPipelineService   : Tick for EUR/USD blocked by risk firewall: Max daily trades reached: 50/50
2026-09-09T20:53:39.384+05:30  WARN 71828 --- [-auto-1-exec-30] c.forexbot.service.TickPipelineService   : Tick for EUR/USD blocked by risk firewall: Max daily trades reached: 50/50
2026-09-09T20:53:39.384+05:30  WARN 71828 --- [-auto-1-exec-27] c.forexbot.service.TickPipelineService   : Tick for EUR/USD blocked by risk firewall: Max daily trades reached: 50/50
2026-09-09T20:53:39.384+05:30  WARN 71828 --- [-auto-1-exec-21] c.forexbot.service.TickPipelineService   : Tick for EUR/USD blocked by risk firewall: Max daily trades reached: 50/50
2026-09-09T20:53:39.385+05:30  WARN 71828 --- [-auto-1-exec-25] c.forexbot.service.TickPipelineService   : Tick for EUR/USD blocked by risk firewall: Max daily trades reached: 50/50
2026-09-09T20:53:39.385+05:30  WARN 71828 --- [-auto-1-exec-30] c.forexbot.service.TickPipelineService   : Tick for EUR/USD blocked by risk firewall: Max daily trades reached: 50/50
2026-09-09T20:53:39.385+05:30  WARN 71828 --- [-auto-1-exec-23] c.forexbot.service.TickPipelineService   : Tick for EUR/USD blocked by risk firewall: Max daily trades reached: 50/50
2026-09-09T20:53:39.385+05:30  WARN 71828 --- [-auto-1-exec-19] c.forexbot.service.TickPipelineService   : Tick for EUR/USD blocked by risk firewall: Max daily trades reached: 50/50
2026-09-09T20:53:39.386+05:30  WARN 71828 --- [-auto-1-exec-21] c.forexbot.service.TickPipelineService   : Tick for EUR/USD blocked by risk firewall: Max daily trades reached: 50/50
2026-09-09T20:53:39.386+05:30  WARN 71828 --- [o-auto-1-exec-9] c.forexbot.service.TickPipelineService   : Tick for EUR/USD blocked by risk firewall: Max daily trades reached: 50/50
2026-09-09T20:53:39.386+05:30  WARN 71828 --- [-auto-1-exec-25] c.forexbot.service.TickPipelineService   : Tick for EUR/USD blocked by risk firewall: Max daily trades reached: 50/50
2026-09-09T20:53:39.386+05:30  WARN 71828 --- [o-auto-1-exec-6] c.forexbot.service.TickPipelineService   : Tick for EUR/USD blocked by risk firewall: Max daily trades reached: 50/50
2026-09-09T20:53:39.386+05:30  WARN 71828 --- [-auto-1-exec-30] c.forexbot.service.TickPipelineService   : Tick for EUR/USD blocked by risk firewall: Max daily trades reached: 50/50
2026-09-09T20:53:39.386+05:30  WARN 71828 --- [-auto-1-exec-27] c.forexbot.service.TickPipelineService   : Tick for EUR/USD blocked by risk firewall: Max daily trades reached: 50/50
2026-09-09T20:53:39.386+05:30  WARN 71828 --- [-auto-1-exec-21] c.forexbot.service.TickPipelineService   : Tick for EUR/USD blocked by risk firewall: Max daily trades reached: 50/50
2026-09-09T20:53:39.387+05:30  WARN 71828 --- [-auto-1-exec-30] c.forexbot.service.TickPipelineService   : Tick for EUR/USD blocked by risk firewall: Max daily trades reached: 50/50
2026-09-09T20:53:39.387+05:30  WARN 71828 --- [-auto-1-exec-23] c.forexbot.service.TickPipelineService   : Tick for EUR/USD blocked by risk firewall: Max daily trades reached: 50/50
2026-09-09T20:53:39.387+05:30  WARN 71828 --- [-auto-1-exec-27] c.forexbot.service.TickPipelineService   : Tick for EUR/USD blocked by risk firewall: Max daily trades reached: 50/50
2026-09-09T20:53:39.387+05:30  WARN 71828 --- [-auto-1-exec-18] c.forexbot.service.TickPipelineService   : Tick for EUR/USD blocked by risk firewall: Max daily trades reached: 50/50
2026-09-09T20:53:39.386+05:30  WARN 71828 --- [-auto-1-exec-24] c.forexbot.service.TickPipelineService   : Tick for EUR/USD blocked by risk firewall: Max daily trades reached: 50/50
2026-09-09T20:53:39.387+05:30  WARN 71828 --- [-auto-1-exec-21] c.forexbot.service.TickPipelineService   : Tick for EUR/USD blocked by risk firewall: Max daily trades reached: 50/50
2026-09-09T20:53:39.387+05:30  WARN 71828 --- [o-auto-1-exec-6] c.forexbot.service.TickPipelineService   : Tick for EUR/USD blocked by risk firewall: Max daily trades reached: 50/50
2026-09-09T20:53:39.388+05:30  WARN 71828 --- [-auto-1-exec-27] c.forexbot.service.TickPipelineService   : Tick for EUR/USD blocked by risk firewall: Max daily trades reached: 50/50
2026-09-09T20:53:39.388+05:30  WARN 71828 --- [-auto-1-exec-24] c.forexbot.service.TickPipelineService   : Tick for EUR/USD blocked by risk firewall: Max daily trades reached: 50/50
2026-09-09T20:53:39.387+05:30  WARN 71828 --- [-auto-1-exec-19] c.forexbot.service.TickPipelineService   : Tick for EUR/USD blocked by risk firewall: Max daily trades reached: 50/50
2026-09-09T20:53:39.388+05:30  WARN 71828 --- [-auto-1-exec-17] c.forexbot.service.TickPipelineService   : Tick for EUR/USD blocked by risk firewall: Max daily trades reached: 50/50
2026-09-09T20:53:39.388+05:30  WARN 71828 --- [-auto-1-exec-11] c.forexbot.service.TickPipelineService   : Tick for EUR/USD blocked by risk firewall: Max daily trades reached: 50/50
2026-09-09T20:53:39.389+05:30  WARN 71828 --- [-auto-1-exec-23] c.forexbot.service.TickPipelineService   : Tick for EUR/USD blocked by risk firewall: Max daily trades reached: 50/50
2026-09-09T20:53:39.389+05:30  WARN 71828 --- [-auto-1-exec-24] c.forexbot.service.TickPipelineService   : Tick for EUR/USD blocked by risk firewall: Max daily trades reached: 50/50
2026-09-09T20:53:39.389+05:30  WARN 71828 --- [o-auto-1-exec-6] c.forexbot.service.TickPipelineService   : Tick for EUR/USD blocked by risk firewall: Max daily trades reached: 50/50
2026-09-09T20:53:39.390+05:30  WARN 71828 --- [-auto-1-exec-24] c.forexbot.service.TickPipelineService   : Tick for EUR/USD blocked by risk firewall: Max daily trades reached: 50/50
2026-09-09T20:53:39.387+05:30  WARN 71828 --- [o-auto-1-exec-9] c.forexbot.service.TickPipelineService   : Tick for EUR/USD blocked by risk firewall: Max daily trades reached: 50/50
2026-09-09T20:53:39.388+05:30  WARN 71828 --- [-auto-1-exec-30] c.forexbot.service.TickPipelineService   : Tick for EUR/USD blocked by risk firewall: Max daily trades reached: 50/50
2026-09-09T20:53:39.391+05:30  WARN 71828 --- [-auto-1-exec-21] c.forexbot.service.TickPipelineService   : Tick for EUR/USD blocked by risk firewall: Max daily trades reached: 50/50
2026-09-09T20:53:39.391+05:30  WARN 71828 --- [-auto-1-exec-24] c.forexbot.service.TickPipelineService   : Tick for EUR/USD blocked by risk firewall: Max daily trades reached: 50/50
2026-09-09T20:53:39.391+05:30  WARN 71828 --- [-auto-1-exec-23] c.forexbot.service.TickPipelineService   : Tick for EUR/USD blocked by risk firewall: Max daily trades reached: 50/50
2026-09-09T20:53:39.391+05:30  WARN 71828 --- [-auto-1-exec-13] c.forexbot.service.TickPipelineService   : Tick for EUR/USD blocked by risk firewall: Max daily trades reached: 50/50
2026-09-09T20:53:39.391+05:30  WARN 71828 --- [o-auto-1-exec-6] c.forexbot.service.TickPipelineService   : Tick for EUR/USD blocked by risk firewall: Max daily trades reached: 50/50
2026-09-09T20:53:39.391+05:30  WARN 71828 --- [-auto-1-exec-29] c.forexbot.service.TickPipelineService   : Tick for EUR/USD blocked by risk firewall: Max daily trades reached: 50/50
2026-09-09T20:53:39.391+05:30  WARN 71828 --- [-auto-1-exec-21] c.forexbot.service.TickPipelineService   : Tick for EUR/USD blocked by risk firewall: Max daily trades reached: 50/50
2026-09-09T20:53:39.391+05:30  WARN 71828 --- [-auto-1-exec-24] c.forexbot.service.TickPipelineService   : Tick for EUR/USD blocked by risk firewall: Max daily trades reached: 50/50
2026-09-09T20:53:39.389+05:30  WARN 71828 --- [-auto-1-exec-27] c.forexbot.service.TickPipelineService   : Tick for EUR/USD blocked by risk firewall: Max daily trades reached: 50/50
2026-09-09T20:53:39.392+05:30  WARN 71828 --- [-auto-1-exec-13] c.forexbot.service.TickPipelineService   : Tick for EUR/USD blocked by risk firewall: Max daily trades reached: 50/50
2026-09-09T20:53:39.392+05:30  WARN 71828 --- [o-auto-1-exec-9] c.forexbot.service.TickPipelineService   : Tick for EUR/USD blocked by risk firewall: Max daily trades reached: 50/50
2026-09-09T20:53:39.392+05:30  WARN 71828 --- [-auto-1-exec-29] c.forexbot.service.TickPipelineService   : Tick for EUR/USD blocked by risk firewall: Max daily trades reached: 50/50
2026-09-09T20:53:39.392+05:30  WARN 71828 --- [-auto-1-exec-23] c.forexbot.service.TickPipelineService   : Tick for EUR/USD blocked by risk firewall: Max daily trades reached: 50/50
2026-09-09T20:53:39.393+05:30  WARN 71828 --- [-auto-1-exec-29] c.forexbot.service.TickPipelineService   : Tick for EUR/USD blocked by risk firewall: Max daily trades reached: 50/50
2026-09-09T20:53:39.393+05:30  WARN 71828 --- [o-auto-1-exec-6] c.forexbot.service.TickPipelineService   : Tick for EUR/USD blocked by risk firewall: Max daily trades reached: 50/50
2026-09-09T20:53:39.393+05:30  WARN 71828 --- [-auto-1-exec-23] c.forexbot.service.TickPipelineService   : Tick for EUR/USD blocked by risk firewall: Max daily trades reached: 50/50
2026-09-09T20:53:39.394+05:30  WARN 71828 --- [-auto-1-exec-29] c.forexbot.service.TickPipelineService   : Tick for EUR/USD blocked by risk firewall: Max daily trades reached: 50/50
2026-09-09T20:53:39.394+05:30  WARN 71828 --- [-auto-1-exec-23] c.forexbot.service.TickPipelineService   : Tick for EUR/USD blocked by risk firewall: Max daily trades reached: 50/50
2026-09-09T20:53:39.389+05:30  WARN 71828 --- [-auto-1-exec-11] c.forexbot.service.TickPipelineService   : Tick for EUR/USD blocked by risk firewall: Max daily trades reached: 50/50
2026-09-09T20:53:39.391+05:30  WARN 71828 --- [-auto-1-exec-25] c.forexbot.service.TickPipelineService   : Tick for EUR/USD blocked by risk firewall: Max daily trades reached: 50/50
2026-09-09T20:53:39.395+05:30  WARN 71828 --- [-auto-1-exec-20] c.forexbot.service.TickPipelineService   : Tick for EUR/USD blocked by risk firewall: Max daily trades reached: 50/50
2026-09-09T20:53:39.394+05:30  WARN 71828 --- [-auto-1-exec-27] c.forexbot.service.TickPipelineService   : Tick for EUR/USD blocked by risk firewall: Max daily trades reached: 50/50
2026-09-09T20:53:39.396+05:30  WARN 71828 --- [-auto-1-exec-23] c.forexbot.service.TickPipelineService   : Tick for EUR/USD blocked by risk firewall: Max daily trades reached: 50/50
2026-09-09T20:53:39.396+05:30  WARN 71828 --- [-auto-1-exec-29] c.forexbot.service.TickPipelineService   : Tick for EUR/USD blocked by risk firewall: Max daily trades reached: 50/50
2026-09-09T20:53:39.396+05:30  WARN 71828 --- [-auto-1-exec-11] c.forexbot.service.TickPipelineService   : Tick for EUR/USD blocked by risk firewall: Max daily trades reached: 50/50
2026-09-09T20:53:39.396+05:30  WARN 71828 --- [-auto-1-exec-27] c.forexbot.service.TickPipelineService   : Tick for EUR/USD blocked by risk firewall: Max daily trades reached: 50/50
2026-09-09T20:53:39.397+05:30  WARN 71828 --- [-auto-1-exec-25] c.forexbot.service.TickPipelineService   : Tick for EUR/USD blocked by risk firewall: Max daily trades reached: 50/50
2026-09-09T20:53:39.397+05:30  WARN 71828 --- [-auto-1-exec-29] c.forexbot.service.TickPipelineService   : Tick for EUR/USD blocked by risk firewall: Max daily trades reached: 50/50
2026-09-09T20:53:39.397+05:30  WARN 71828 --- [-auto-1-exec-11] c.forexbot.service.TickPipelineService   : Tick for EUR/USD blocked by risk firewall: Max daily trades reached: 50/50
2026-09-09T20:53:39.396+05:30  WARN 71828 --- [o-auto-1-exec-5] c.forexbot.service.TickPipelineService   : Tick for EUR/USD blocked by risk firewall: Max daily trades reached: 50/50
2026-09-09T20:53:39.398+05:30  WARN 71828 --- [-auto-1-exec-29] c.forexbot.service.TickPipelineService   : Tick for EUR/USD blocked by risk firewall: Max daily trades reached: 50/50
2026-09-09T20:53:39.398+05:30  WARN 71828 --- [-auto-1-exec-23] c.forexbot.service.TickPipelineService   : Tick for EUR/USD blocked by risk firewall: Max daily trades reached: 50/50
2026-09-09T20:53:39.398+05:30  WARN 71828 --- [-auto-1-exec-11] c.forexbot.service.TickPipelineService   : Tick for EUR/USD blocked by risk firewall: Max daily trades reached: 50/50
2026-09-09T20:53:39.398+05:30  WARN 71828 --- [-auto-1-exec-20] c.forexbot.service.TickPipelineService   : Tick for EUR/USD blocked by risk firewall: Max daily trades reached: 50/50
2026-09-09T20:53:39.399+05:30  WARN 71828 --- [-auto-1-exec-25] c.forexbot.service.TickPipelineService   : Tick for EUR/USD blocked by risk firewall: Max daily trades reached: 50/50
2026-09-09T20:53:39.399+05:30  WARN 71828 --- [-auto-1-exec-11] c.forexbot.service.TickPipelineService   : Tick for EUR/USD blocked by risk firewall: Max daily trades reached: 50/50
2026-09-09T20:53:39.399+05:30  WARN 71828 --- [-auto-1-exec-15] c.forexbot.service.TickPipelineService   : Tick for EUR/USD blocked by risk firewall: Max daily trades reached: 50/50
2026-09-09T20:53:39.399+05:30  WARN 71828 --- [o-auto-1-exec-5] c.forexbot.service.TickPipelineService   : Tick for EUR/USD blocked by risk firewall: Max daily trades reached: 50/50
2026-09-09T20:53:39.400+05:30  WARN 71828 --- [-auto-1-exec-23] c.forexbot.service.TickPipelineService   : Tick for EUR/USD blocked by risk firewall: Max daily trades reached: 50/50
2026-09-09T20:53:39.400+05:30  WARN 71828 --- [-auto-1-exec-25] c.forexbot.service.TickPipelineService   : Tick for EUR/USD blocked by risk firewall: Max daily trades reached: 50/50
2026-09-09T20:53:39.400+05:30  WARN 71828 --- [-auto-1-exec-20] c.forexbot.service.TickPipelineService   : Tick for EUR/USD blocked by risk firewall: Max daily trades reached: 50/50
2026-09-09T20:53:39.399+05:30  WARN 71828 --- [-auto-1-exec-29] c.forexbot.service.TickPipelineService   : Tick for EUR/USD blocked by risk firewall: Max daily trades reached: 50/50
2026-09-09T20:53:39.400+05:30  WARN 71828 --- [-auto-1-exec-12] c.forexbot.service.TickPipelineService   : Tick for EUR/USD blocked by risk firewall: Max daily trades reached: 50/50
2026-09-09T20:53:39.401+05:30  WARN 71828 --- [-auto-1-exec-25] c.forexbot.service.TickPipelineService   : Tick for EUR/USD blocked by risk firewall: Max daily trades reached: 50/50
2026-09-09T20:53:39.401+05:30  WARN 71828 --- [-auto-1-exec-27] c.forexbot.service.TickPipelineService   : Tick for EUR/USD blocked by risk firewall: Max daily trades reached: 50/50
2026-09-09T20:53:39.399+05:30  WARN 71828 --- [-auto-1-exec-32] c.forexbot.service.TickPipelineService   : Tick for EUR/USD blocked by risk firewall: Max daily trades reached: 50/50
2026-09-09T20:53:39.401+05:30  WARN 71828 --- [o-auto-1-exec-3] c.forexbot.service.TickPipelineService   : Tick for EUR/USD blocked by risk firewall: Max daily trades reached: 50/50
2026-09-09T20:53:39.401+05:30  WARN 71828 --- [o-auto-1-exec-5] c.forexbot.service.TickPipelineService   : Tick for EUR/USD blocked by risk firewall: Max daily trades reached: 50/50
2026-09-09T20:53:39.400+05:30  WARN 71828 --- [-auto-1-exec-11] c.forexbot.service.TickPipelineService   : Tick for EUR/USD blocked by risk firewall: Max daily trades reached: 50/50
2026-09-09T20:53:39.402+05:30  WARN 71828 --- [-auto-1-exec-28] c.forexbot.service.TickPipelineService   : Tick for EUR/USD blocked by risk firewall: Max daily trades reached: 50/50
2026-09-09T20:53:39.402+05:30  WARN 71828 --- [-auto-1-exec-32] c.forexbot.service.TickPipelineService   : Tick for EUR/USD blocked by risk firewall: Max daily trades reached: 50/50
2026-09-09T20:53:39.402+05:30  WARN 71828 --- [o-auto-1-exec-3] c.forexbot.service.TickPipelineService   : Tick for EUR/USD blocked by risk firewall: Max daily trades reached: 50/50
2026-09-09T20:53:39.400+05:30  WARN 71828 --- [-auto-1-exec-22] c.forexbot.service.TickPipelineService   : Tick for EUR/USD blocked by risk firewall: Max daily trades reached: 50/50
2026-09-09T20:53:39.403+05:30  WARN 71828 --- [-auto-1-exec-11] c.forexbot.service.TickPipelineService   : Tick for EUR/USD blocked by risk firewall: Max daily trades reached: 50/50
2026-09-09T20:53:39.403+05:30  WARN 71828 --- [-auto-1-exec-12] c.forexbot.service.TickPipelineService   : Tick for EUR/USD blocked by risk firewall: Max daily trades reached: 50/50
2026-09-09T20:53:39.403+05:30  WARN 71828 --- [o-auto-1-exec-4] c.forexbot.service.TickPipelineService   : Tick for EUR/USD blocked by risk firewall: Max daily trades reached: 50/50
2026-09-09T20:53:39.403+05:30  WARN 71828 --- [o-auto-1-exec-1] c.forexbot.service.TickPipelineService   : Tick for EUR/USD blocked by risk firewall: Max daily trades reached: 50/50
2026-09-09T20:53:39.400+05:30  WARN 71828 --- [-auto-1-exec-15] c.forexbot.service.TickPipelineService   : Tick for EUR/USD blocked by risk firewall: Max daily trades reached: 50/50
2026-09-09T20:53:39.402+05:30  WARN 71828 --- [o-auto-1-exec-8] c.forexbot.service.TickPipelineService   : Tick for EUR/USD blocked by risk firewall: Max daily trades reached: 50/50
2026-09-09T20:53:39.403+05:30  WARN 71828 --- [-auto-1-exec-22] c.forexbot.service.TickPipelineService   : Tick for EUR/USD blocked by risk firewall: Max daily trades reached: 50/50
2026-09-09T20:53:39.404+05:30  WARN 71828 --- [-auto-1-exec-11] c.forexbot.service.TickPipelineService   : Tick for EUR/USD blocked by risk firewall: Max daily trades reached: 50/50
2026-09-09T20:53:39.404+05:30  WARN 71828 --- [-auto-1-exec-19] c.forexbot.service.TickPipelineService   : Tick for EUR/USD blocked by risk firewall: Max daily trades reached: 50/50
2026-09-09T20:53:39.404+05:30  WARN 71828 --- [-auto-1-exec-26] c.forexbot.service.TickPipelineService   : Tick for EUR/USD blocked by risk firewall: Max daily trades reached: 50/50
2026-09-09T20:53:39.404+05:30  WARN 71828 --- [-auto-1-exec-22] c.forexbot.service.TickPipelineService   : Tick for EUR/USD blocked by risk firewall: Max daily trades reached: 50/50
2026-09-09T20:53:39.404+05:30  WARN 71828 --- [o-auto-1-exec-8] c.forexbot.service.TickPipelineService   : Tick for EUR/USD blocked by risk firewall: Max daily trades reached: 50/50
2026-09-09T20:53:39.405+05:30  WARN 71828 --- [-auto-1-exec-12] c.forexbot.service.TickPipelineService   : Tick for EUR/USD blocked by risk firewall: Max daily trades reached: 50/50
2026-09-09T20:53:39.402+05:30  WARN 71828 --- [-auto-1-exec-20] c.forexbot.service.TickPipelineService   : Tick for EUR/USD blocked by risk firewall: Max daily trades reached: 50/50
2026-09-09T20:53:39.402+05:30  WARN 71828 --- [-auto-1-exec-29] c.forexbot.service.TickPipelineService   : Tick for EUR/USD blocked by risk firewall: Max daily trades reached: 50/50
2026-09-09T20:53:39.402+05:30  WARN 71828 --- [-auto-1-exec-27] c.forexbot.service.TickPipelineService   : Tick for EUR/USD blocked by risk firewall: Max daily trades reached: 50/50
2026-09-09T20:53:39.406+05:30  WARN 71828 --- [-auto-1-exec-21] c.forexbot.service.TickPipelineService   : Tick for EUR/USD blocked by risk firewall: Max daily trades reached: 50/50
2026-09-09T20:53:39.406+05:30  WARN 71828 --- [-auto-1-exec-11] c.forexbot.service.TickPipelineService   : Tick for EUR/USD blocked by risk firewall: Max daily trades reached: 50/50
2026-09-09T20:53:39.403+05:30  WARN 71828 --- [-auto-1-exec-32] c.forexbot.service.TickPipelineService   : Tick for EUR/USD blocked by risk firewall: Max daily trades reached: 50/50
2026-09-09T20:53:39.406+05:30  WARN 71828 --- [-auto-1-exec-20] c.forexbot.service.TickPipelineService   : Tick for EUR/USD blocked by risk firewall: Max daily trades reached: 50/50
2026-09-09T20:53:39.406+05:30  WARN 71828 --- [-auto-1-exec-27] c.forexbot.service.TickPipelineService   : Tick for EUR/USD blocked by risk firewall: Max daily trades reached: 50/50
2026-09-09T20:53:39.406+05:30  WARN 71828 --- [-auto-1-exec-12] c.forexbot.service.TickPipelineService   : Tick for EUR/USD blocked by risk firewall: Max daily trades reached: 50/50
2026-09-09T20:53:39.407+05:30  WARN 71828 --- [-auto-1-exec-21] c.forexbot.service.TickPipelineService   : Tick for EUR/USD blocked by risk firewall: Max daily trades reached: 50/50
2026-09-09T20:53:39.407+05:30  WARN 71828 --- [-auto-1-exec-20] c.forexbot.service.TickPipelineService   : Tick for EUR/USD blocked by risk firewall: Max daily trades reached: 50/50
2026-09-09T20:53:39.404+05:30  WARN 71828 --- [o-auto-1-exec-4] c.forexbot.service.TickPipelineService   : Tick for EUR/USD blocked by risk firewall: Max daily trades reached: 50/50
2026-09-09T20:53:39.404+05:30  WARN 71828 --- [o-auto-1-exec-1] c.forexbot.service.TickPipelineService   : Tick for EUR/USD blocked by risk firewall: Max daily trades reached: 50/50
2026-09-09T20:53:39.408+05:30  WARN 71828 --- [-auto-1-exec-31] c.forexbot.service.TickPipelineService   : Tick for EUR/USD blocked by risk firewall: Max daily trades reached: 50/50
2026-09-09T20:53:39.404+05:30  WARN 71828 --- [-auto-1-exec-15] c.forexbot.service.TickPipelineService   : Tick for EUR/USD blocked by risk firewall: Max daily trades reached: 50/50
2026-09-09T20:53:39.404+05:30  WARN 71828 --- [-auto-1-exec-18] c.forexbot.service.TickPipelineService   : Tick for EUR/USD blocked by risk firewall: Max daily trades reached: 50/50
2026-09-09T20:53:39.408+05:30  WARN 71828 --- [o-auto-1-exec-9] c.forexbot.service.TickPipelineService   : Tick for EUR/USD blocked by risk firewall: Max daily trades reached: 50/50
2026-09-09T20:53:39.408+05:30  WARN 71828 --- [-auto-1-exec-14] c.forexbot.service.TickPipelineService   : Tick for EUR/USD blocked by risk firewall: Max daily trades reached: 50/50
2026-09-09T20:53:39.408+05:30  WARN 71828 --- [o-auto-1-exec-1] c.forexbot.service.TickPipelineService   : Tick for EUR/USD blocked by risk firewall: Max daily trades reached: 50/50
2026-09-09T20:53:39.408+05:30  WARN 71828 --- [o-auto-1-exec-4] c.forexbot.service.TickPipelineService   : Tick for EUR/USD blocked by risk firewall: Max daily trades reached: 50/50
2026-09-09T20:53:39.409+05:30  WARN 71828 --- [-auto-1-exec-15] c.forexbot.service.TickPipelineService   : Tick for EUR/USD blocked by risk firewall: Max daily trades reached: 50/50
2026-09-09T20:53:39.405+05:30  WARN 71828 --- [-auto-1-exec-17] c.forexbot.service.TickPipelineService   : Tick for EUR/USD blocked by risk firewall: Max daily trades reached: 50/50
2026-09-09T20:53:39.409+05:30  WARN 71828 --- [o-auto-1-exec-6] c.forexbot.service.TickPipelineService   : Tick for EUR/USD blocked by risk firewall: Max daily trades reached: 50/50
2026-09-09T20:53:39.409+05:30  WARN 71828 --- [-auto-1-exec-14] c.forexbot.service.TickPipelineService   : Tick for EUR/USD blocked by risk firewall: Max daily trades reached: 50/50
2026-09-09T20:53:39.409+05:30  WARN 71828 --- [-auto-1-exec-23] c.forexbot.service.TickPipelineService   : Tick for EUR/USD blocked by risk firewall: Max daily trades reached: 50/50
2026-09-09T20:53:39.405+05:30  WARN 71828 --- [-auto-1-exec-19] c.forexbot.service.TickPipelineService   : Tick for EUR/USD blocked by risk firewall: Max daily trades reached: 50/50
2026-09-09T20:53:39.410+05:30  WARN 71828 --- [-auto-1-exec-31] c.forexbot.service.TickPipelineService   : Tick for EUR/USD blocked by risk firewall: Max daily trades reached: 50/50
2026-09-09T20:53:39.406+05:30  WARN 71828 --- [-auto-1-exec-24] c.forexbot.service.TickPipelineService   : Tick for EUR/USD blocked by risk firewall: Max daily trades reached: 50/50
2026-09-09T20:53:39.410+05:30  WARN 71828 --- [o-auto-1-exec-4] c.forexbot.service.TickPipelineService   : Tick for EUR/USD blocked by risk firewall: Max daily trades reached: 50/50
2026-09-09T20:53:39.407+05:30  WARN 71828 --- [-auto-1-exec-30] c.forexbot.service.TickPipelineService   : Tick for EUR/USD blocked by risk firewall: Max daily trades reached: 50/50
2026-09-09T20:53:39.411+05:30  WARN 71828 --- [-auto-1-exec-31] c.forexbot.service.TickPipelineService   : Tick for EUR/USD blocked by risk firewall: Max daily trades reached: 50/50
2026-09-09T20:53:39.407+05:30  WARN 71828 --- [-auto-1-exec-29] c.forexbot.service.TickPipelineService   : Tick for EUR/USD blocked by risk firewall: Max daily trades reached: 50/50
2026-09-09T20:53:39.411+05:30  WARN 71828 --- [o-auto-1-exec-5] c.forexbot.service.TickPipelineService   : Tick for EUR/USD blocked by risk firewall: Max daily trades reached: 50/50
2026-09-09T20:53:39.411+05:30  WARN 71828 --- [-auto-1-exec-16] c.forexbot.service.TickPipelineService   : Tick for EUR/USD blocked by risk firewall: Max daily trades reached: 50/50
2026-09-09T20:53:39.411+05:30  WARN 71828 --- [-auto-1-exec-30] c.forexbot.service.TickPipelineService   : Tick for EUR/USD blocked by risk firewall: Max daily trades reached: 50/50
2026-09-09T20:53:39.411+05:30  WARN 71828 --- [-auto-1-exec-31] c.forexbot.service.TickPipelineService   : Tick for EUR/USD blocked by risk firewall: Max daily trades reached: 50/50
2026-09-09T20:53:39.412+05:30  WARN 71828 --- [o-auto-1-exec-5] c.forexbot.service.TickPipelineService   : Tick for EUR/USD blocked by risk firewall: Max daily trades reached: 50/50
2026-09-09T20:53:39.412+05:30  WARN 71828 --- [o-auto-1-exec-4] c.forexbot.service.TickPipelineService   : Tick for EUR/USD blocked by risk firewall: Max daily trades reached: 50/50
2026-09-09T20:53:39.409+05:30  WARN 71828 --- [-auto-1-exec-18] c.forexbot.service.TickPipelineService   : Tick for EUR/USD blocked by risk firewall: Max daily trades reached: 50/50
2026-09-09T20:53:39.412+05:30  WARN 71828 --- [-auto-1-exec-30] c.forexbot.service.TickPipelineService   : Tick for EUR/USD blocked by risk firewall: Max daily trades reached: 50/50
2026-09-09T20:53:39.412+05:30  WARN 71828 --- [-auto-1-exec-31] c.forexbot.service.TickPipelineService   : Tick for EUR/USD blocked by risk firewall: Max daily trades reached: 50/50
2026-09-09T20:53:39.413+05:30  WARN 71828 --- [-auto-1-exec-16] c.forexbot.service.TickPipelineService   : Tick for EUR/USD blocked by risk firewall: Max daily trades reached: 50/50
2026-09-09T20:53:39.413+05:30  WARN 71828 --- [-auto-1-exec-31] c.forexbot.service.TickPipelineService   : Tick for EUR/USD blocked by risk firewall: Max daily trades reached: 50/50
2026-09-09T20:53:39.413+05:30  WARN 71828 --- [o-auto-1-exec-4] c.forexbot.service.TickPipelineService   : Tick for EUR/USD blocked by risk firewall: Max daily trades reached: 50/50
2026-09-09T20:53:39.409+05:30  WARN 71828 --- [o-auto-1-exec-9] c.forexbot.service.TickPipelineService   : Tick for EUR/USD blocked by risk firewall: Max daily trades reached: 50/50
2026-09-09T20:53:39.414+05:30  WARN 71828 --- [-auto-1-exec-22] c.forexbot.service.TickPipelineService   : Tick for EUR/USD blocked by risk firewall: Max daily trades reached: 50/50
2026-09-09T20:53:39.414+05:30  WARN 71828 --- [-auto-1-exec-30] c.forexbot.service.TickPipelineService   : Tick for EUR/USD blocked by risk firewall: Max daily trades reached: 50/50
2026-09-09T20:53:39.414+05:30  WARN 71828 --- [-auto-1-exec-26] c.forexbot.service.TickPipelineService   : Tick for EUR/USD blocked by risk firewall: Max daily trades reached: 50/50
2026-09-09T20:53:39.414+05:30  WARN 71828 --- [o-auto-1-exec-8] c.forexbot.service.TickPipelineService   : Tick for EUR/USD blocked by risk firewall: Max daily trades reached: 50/50
2026-09-09T20:53:39.409+05:30  WARN 71828 --- [o-auto-1-exec-1] c.forexbot.service.TickPipelineService   : Tick for EUR/USD blocked by risk firewall: Max daily trades reached: 50/50
2026-09-09T20:53:39.415+05:30  WARN 71828 --- [-auto-1-exec-16] c.forexbot.service.TickPipelineService   : Tick for EUR/USD blocked by risk firewall: Max daily trades reached: 50/50
2026-09-09T20:53:39.415+05:30  WARN 71828 --- [-auto-1-exec-30] c.forexbot.service.TickPipelineService   : Tick for EUR/USD blocked by risk firewall: Max daily trades reached: 50/50
2026-09-09T20:53:39.415+05:30  WARN 71828 --- [-auto-1-exec-26] c.forexbot.service.TickPipelineService   : Tick for EUR/USD blocked by risk firewall: Max daily trades reached: 50/50
2026-09-09T20:53:39.415+05:30  WARN 71828 --- [-auto-1-exec-22] c.forexbot.service.TickPipelineService   : Tick for EUR/USD blocked by risk firewall: Max daily trades reached: 50/50
2026-09-09T20:53:39.415+05:30  WARN 71828 --- [o-auto-1-exec-1] c.forexbot.service.TickPipelineService   : Tick for EUR/USD blocked by risk firewall: Max daily trades reached: 50/50
2026-09-09T20:53:39.415+05:30  WARN 71828 --- [o-auto-1-exec-7] c.forexbot.service.TickPipelineService   : Tick for EUR/USD blocked by risk firewall: Max daily trades reached: 50/50
2026-09-09T20:53:39.410+05:30  WARN 71828 --- [-auto-1-exec-25] c.forexbot.service.TickPipelineService   : Tick for EUR/USD blocked by risk firewall: Max daily trades reached: 50/50
2026-09-09T20:53:39.410+05:30  WARN 71828 --- [-auto-1-exec-19] c.forexbot.service.TickPipelineService   : Tick for EUR/USD blocked by risk firewall: Max daily trades reached: 50/50
2026-09-09T20:53:39.417+05:30  WARN 71828 --- [-auto-1-exec-11] c.forexbot.service.TickPipelineService   : Tick for EUR/USD blocked by risk firewall: Max daily trades reached: 50/50
2026-09-09T20:53:39.411+05:30  WARN 71828 --- [-auto-1-exec-24] c.forexbot.service.TickPipelineService   : Tick for EUR/USD blocked by risk firewall: Max daily trades reached: 50/50
2026-09-09T20:53:39.417+05:30  WARN 71828 --- [o-auto-1-exec-7] c.forexbot.service.TickPipelineService   : Tick for EUR/USD blocked by risk firewall: Max daily trades reached: 50/50
2026-09-09T20:53:39.418+05:30  WARN 71828 --- [-auto-1-exec-19] c.forexbot.service.TickPipelineService   : Tick for EUR/USD blocked by risk firewall: Max daily trades reached: 50/50
2026-09-09T20:53:39.418+05:30  WARN 71828 --- [-auto-1-exec-27] c.forexbot.service.TickPipelineService   : Tick for EUR/USD blocked by risk firewall: Max daily trades reached: 50/50
2026-09-09T20:53:39.418+05:30  WARN 71828 --- [-auto-1-exec-32] c.forexbot.service.TickPipelineService   : Tick for EUR/USD blocked by risk firewall: Max daily trades reached: 50/50
2026-09-09T20:53:39.412+05:30  WARN 71828 --- [-auto-1-exec-28] c.forexbot.service.TickPipelineService   : Tick for EUR/USD blocked by risk firewall: Max daily trades reached: 50/50
2026-09-09T20:53:39.412+05:30  WARN 71828 --- [-auto-1-exec-10] c.forexbot.service.TickPipelineService   : Tick for EUR/USD blocked by risk firewall: Max daily trades reached: 50/50
2026-09-09T20:53:39.413+05:30  WARN 71828 --- [-auto-1-exec-23] c.forexbot.service.TickPipelineService   : Tick for EUR/USD blocked by risk firewall: Max daily trades reached: 50/50
2026-09-09T20:53:39.414+05:30  WARN 71828 --- [o-auto-1-exec-9] c.forexbot.service.TickPipelineService   : Tick for EUR/USD blocked by risk firewall: Max daily trades reached: 50/50
2026-09-09T20:53:39.414+05:30  WARN 71828 --- [-auto-1-exec-31] c.forexbot.service.TickPipelineService   : Tick for EUR/USD blocked by risk firewall: Max daily trades reached: 50/50
2026-09-09T20:53:39.417+05:30  WARN 71828 --- [-auto-1-exec-25] c.forexbot.service.TickPipelineService   : Tick for EUR/USD blocked by risk firewall: Max daily trades reached: 50/50
2026-09-09T20:53:39.418+05:30  WARN 71828 --- [-auto-1-exec-12] c.forexbot.service.TickPipelineService   : Tick for EUR/USD blocked by risk firewall: Max daily trades reached: 50/50
2026-09-09T20:53:39.419+05:30  WARN 71828 --- [-auto-1-exec-17] c.forexbot.service.TickPipelineService   : Tick for EUR/USD blocked by risk firewall: Max daily trades reached: 50/50
2026-09-09T20:53:39.420+05:30  WARN 71828 --- [-auto-1-exec-14] c.forexbot.service.TickPipelineService   : Tick for EUR/USD blocked by risk firewall: Max daily trades reached: 50/50
2026-09-09T20:53:39.420+05:30  WARN 71828 --- [-auto-1-exec-15] c.forexbot.service.TickPipelineService   : Tick for EUR/USD blocked by risk firewall: Max daily trades reached: 50/50
2026-09-09T20:53:39.420+05:30  WARN 71828 --- [o-auto-1-exec-2] c.forexbot.service.TickPipelineService   : Tick for EUR/USD blocked by risk firewall: Max daily trades reached: 50/50
2026-09-09T20:53:39.420+05:30  WARN 71828 --- [o-auto-1-exec-3] c.forexbot.service.TickPipelineService   : Tick for EUR/USD blocked by risk firewall: Max daily trades reached: 50/50
2026-09-09T20:53:39.421+05:30  WARN 71828 --- [o-auto-1-exec-5] c.forexbot.service.TickPipelineService   : Tick for EUR/USD blocked by risk firewall: Max daily trades reached: 50/50
2026-09-09T20:53:39.426+05:30  WARN 71828 --- [o-auto-1-exec-7] c.forexbot.service.TickPipelineService   : Tick for EUR/USD blocked by risk firewall: Max daily trades reached: 50/50
2026-09-09T20:53:39.426+05:30  WARN 71828 --- [-auto-1-exec-20] c.forexbot.service.TickPipelineService   : Tick for EUR/USD blocked by risk firewall: Max daily trades reached: 50/50
2026-09-09T20:53:39.426+05:30  WARN 71828 --- [-auto-1-exec-27] c.forexbot.service.TickPipelineService   : Tick for EUR/USD blocked by risk firewall: Max daily trades reached: 50/50
2026-09-09T20:53:39.426+05:30  WARN 71828 --- [-auto-1-exec-28] c.forexbot.service.TickPipelineService   : Tick for EUR/USD blocked by risk firewall: Max daily trades reached: 50/50
2026-09-09T20:53:39.426+05:30  WARN 71828 --- [-auto-1-exec-18] c.forexbot.service.TickPipelineService   : Tick for EUR/USD blocked by risk firewall: Max daily trades reached: 50/50
2026-09-09T20:53:39.426+05:30  WARN 71828 --- [-auto-1-exec-23] c.forexbot.service.TickPipelineService   : Tick for EUR/USD blocked by risk firewall: Max daily trades reached: 50/50
2026-09-09T20:53:39.427+05:30  WARN 71828 --- [-auto-1-exec-29] c.forexbot.service.TickPipelineService   : Tick for EUR/USD blocked by risk firewall: Max daily trades reached: 50/50
2026-09-09T20:53:39.427+05:30  WARN 71828 --- [o-auto-1-exec-3] c.forexbot.service.TickPipelineService   : Tick for EUR/USD blocked by risk firewall: Max daily trades reached: 50/50
2026-09-09T20:53:39.427+05:30  WARN 71828 --- [-auto-1-exec-11] c.forexbot.service.TickPipelineService   : Tick for EUR/USD blocked by risk firewall: Max daily trades reached: 50/50
2026-09-09T20:53:39.427+05:30  WARN 71828 --- [-auto-1-exec-16] c.forexbot.service.TickPipelineService   : Tick for EUR/USD blocked by risk firewall: Max daily trades reached: 50/50
2026-09-09T20:53:39.427+05:30  WARN 71828 --- [-auto-1-exec-30] c.forexbot.service.TickPipelineService   : Tick for EUR/USD blocked by risk firewall: Max daily trades reached: 50/50
2026-09-09T20:53:39.426+05:30  WARN 71828 --- [-auto-1-exec-10] c.forexbot.service.TickPipelineService   : Tick for EUR/USD blocked by risk firewall: Max daily trades reached: 50/50
2026-09-09T20:53:39.428+05:30  WARN 71828 --- [-auto-1-exec-24] c.forexbot.service.TickPipelineService   : Tick for EUR/USD blocked by risk firewall: Max daily trades reached: 50/50
2026-09-09T20:53:39.428+05:30  WARN 71828 --- [o-auto-1-exec-1] c.forexbot.service.TickPipelineService   : Tick for EUR/USD blocked by risk firewall: Max daily trades reached: 50/50
2026-09-09T20:53:39.428+05:30  WARN 71828 --- [-auto-1-exec-32] c.forexbot.service.TickPipelineService   : Tick for EUR/USD blocked by risk firewall: Max daily trades reached: 50/50
2026-09-09T20:53:39.428+05:30  WARN 71828 --- [-auto-1-exec-13] c.forexbot.service.TickPipelineService   : Tick for EUR/USD blocked by risk firewall: Max daily trades reached: 50/50
2026-09-09T20:53:39.428+05:30  WARN 71828 --- [-auto-1-exec-21] c.forexbot.service.TickPipelineService   : Tick for EUR/USD blocked by risk firewall: Max daily trades reached: 50/50
2026-09-09T20:53:39.428+05:30  WARN 71828 --- [o-auto-1-exec-6] c.forexbot.service.TickPipelineService   : Tick for EUR/USD blocked by risk firewall: Max daily trades reached: 50/50
2026-09-09T20:53:39.428+05:30  WARN 71828 --- [o-auto-1-exec-9] c.forexbot.service.TickPipelineService   : Tick for EUR/USD blocked by risk firewall: Max daily trades reached: 50/50
2026-09-09T20:53:39.429+05:30  WARN 71828 --- [o-auto-1-exec-4] c.forexbot.service.TickPipelineService   : Tick for EUR/USD blocked by risk firewall: Max daily trades reached: 50/50
2026-09-09T20:53:39.429+05:30  WARN 71828 --- [-auto-1-exec-22] c.forexbot.service.TickPipelineService   : Tick for EUR/USD blocked by risk firewall: Max daily trades reached: 50/50
2026-09-09T20:53:39.427+05:30  WARN 71828 --- [-auto-1-exec-26] c.forexbot.service.TickPipelineService   : Tick for EUR/USD blocked by risk firewall: Max daily trades reached: 50/50
2026-09-09T20:53:39.428+05:30  WARN 71828 --- [-auto-1-exec-31] c.forexbot.service.TickPipelineService   : Tick for EUR/USD blocked by risk firewall: Max daily trades reached: 50/50
2026-09-09T20:53:39.430+05:30  WARN 71828 --- [-auto-1-exec-17] c.forexbot.service.TickPipelineService   : Tick for EUR/USD blocked by risk firewall: Max daily trades reached: 50/50
2026-09-09T20:53:39.430+05:30  WARN 71828 --- [-auto-1-exec-12] c.forexbot.service.TickPipelineService   : Tick for EUR/USD blocked by risk firewall: Max daily trades reached: 50/50
2026-09-09T20:53:39.430+05:30  WARN 71828 --- [-auto-1-exec-26] c.forexbot.service.TickPipelineService   : Tick for EUR/USD blocked by risk firewall: Max daily trades reached: 50/50
]]></system-out>
  </testcase>
  <testcase name="healthEndpointIsUp" classname="com.forexbot.StressAndConcurrencyIntegrationTest" time="0.012"/>
  <testcase name="concurrentTicksProduceExactTradeCountWithNoLostUpdates" classname="com.forexbot.StressAndConcurrencyIntegrationTest" time="0.1">
    <system-out><![CDATA[2026-09-09T20:53:39.460+05:30  INFO 71828 --- [o-auto-1-exec-5] c.forexbot.service.TickPipelineService   : Executing trade #1 BUY on EUR/USD (Market is TRENDING with a valid BUY signal)
2026-09-09T20:53:39.460+05:30  INFO 71828 --- [o-auto-1-exec-7] c.forexbot.service.TickPipelineService   : Executing trade #3 BUY on EUR/USD (Market is TRENDING with a valid BUY signal)
2026-09-09T20:53:39.460+05:30  INFO 71828 --- [-auto-1-exec-25] c.forexbot.service.TickPipelineService   : Executing trade #2 BUY on EUR/USD (Market is TRENDING with a valid BUY signal)
2026-09-09T20:53:39.460+05:30  INFO 71828 --- [-auto-1-exec-29] c.forexbot.service.TickPipelineService   : Executing trade #4 BUY on EUR/USD (Market is TRENDING with a valid BUY signal)
2026-09-09T20:53:39.460+05:30  INFO 71828 --- [-auto-1-exec-17] c.forexbot.service.TickPipelineService   : Executing trade #5 BUY on EUR/USD (Market is TRENDING with a valid BUY signal)
2026-09-09T20:53:39.460+05:30  INFO 71828 --- [o-auto-1-exec-2] c.forexbot.service.TickPipelineService   : Executing trade #6 BUY on EUR/USD (Market is TRENDING with a valid BUY signal)
2026-09-09T20:53:39.460+05:30  INFO 71828 --- [-auto-1-exec-18] c.forexbot.service.TickPipelineService   : Executing trade #10 BUY on EUR/USD (Market is TRENDING with a valid BUY signal)
2026-09-09T20:53:39.461+05:30  INFO 71828 --- [-auto-1-exec-11] c.forexbot.service.TickPipelineService   : Executing trade #11 BUY on EUR/USD (Market is TRENDING with a valid BUY signal)
2026-09-09T20:53:39.461+05:30  INFO 71828 --- [-auto-1-exec-31] c.forexbot.service.TickPipelineService   : Executing trade #13 BUY on EUR/USD (Market is TRENDING with a valid BUY signal)
2026-09-09T20:53:39.461+05:30  INFO 71828 --- [o-auto-1-exec-5] c.forexbot.service.TickPipelineService   : Executing trade #14 BUY on EUR/USD (Market is TRENDING with a valid BUY signal)
2026-09-09T20:53:39.461+05:30  INFO 71828 --- [o-auto-1-exec-7] c.forexbot.service.TickPipelineService   : Executing trade #15 BUY on EUR/USD (Market is TRENDING with a valid BUY signal)
2026-09-09T20:53:39.461+05:30  INFO 71828 --- [-auto-1-exec-18] c.forexbot.service.TickPipelineService   : Executing trade #16 BUY on EUR/USD (Market is TRENDING with a valid BUY signal)
2026-09-09T20:53:39.461+05:30  INFO 71828 --- [-auto-1-exec-11] c.forexbot.service.TickPipelineService   : Executing trade #17 BUY on EUR/USD (Market is TRENDING with a valid BUY signal)
[...]
2026-09-09T20:53:39.530+05:30  INFO 71828 --- [o-auto-1-exec-4] c.forexbot.service.TickPipelineService   : Executing trade #397 BUY on EUR/USD (Market is TRENDING with a valid BUY signal)
2026-09-09T20:53:39.526+05:30  INFO 71828 --- [-auto-1-exec-30] c.forexbot.service.TickPipelineService   : Executing trade #380 BUY on EUR/USD (Market is TRENDING with a valid BUY signal)
2026-09-09T20:53:39.530+05:30  INFO 71828 --- [-auto-1-exec-23] c.forexbot.service.TickPipelineService   : Executing trade #398 BUY on EUR/USD (Market is TRENDING with a valid BUY signal)
2026-09-09T20:53:39.530+05:30  INFO 71828 --- [o-auto-1-exec-9] c.forexbot.service.TickPipelineService   : Executing trade #399 BUY on EUR/USD (Market is TRENDING with a valid BUY signal)
2026-09-09T20:53:39.530+05:30  INFO 71828 --- [o-auto-1-exec-2] c.forexbot.service.TickPipelineService   : Executing trade #400 BUY on EUR/USD (Market is TRENDING with a valid BUY signal)
2026-09-09T20:53:39.530+05:30  INFO 71828 --- [-auto-1-exec-20] c.forexbot.service.TickPipelineService   : Executing trade #401 BUY on EUR/USD (Market is TRENDING with a valid BUY signal)
2026-09-09T20:53:39.528+05:30  INFO 71828 --- [o-auto-1-exec-3] c.forexbot.service.TickPipelineService   : Executing trade #389 BUY on EUR/USD (Market is TRENDING with a valid BUY signal)
2026-09-09T20:53:39.531+05:30  INFO 71828 --- [o-auto-1-exec-8] c.forexbot.service.TickPipelineService   : Executing trade #402 BUY on EUR/USD (Market is TRENDING with a valid BUY signal)
2026-09-09T20:53:39.531+05:30  INFO 71828 --- [-auto-1-exec-31] c.forexbot.service.TickPipelineService   : Executing trade #403 BUY on EUR/USD (Market is TRENDING with a valid BUY signal)
2026-09-09T20:53:39.531+05:30  INFO 71828 --- [-auto-1-exec-23] c.forexbot.service.TickPipelineService   : Executing trade #404 BUY on EUR/USD (Market is TRENDING with a valid BUY signal)
2026-09-09T20:53:39.531+05:30  INFO 71828 --- [-auto-1-exec-28] c.forexbot.service.TickPipelineService   : Executing trade #405 BUY on EUR/USD (Market is TRENDING with a valid BUY signal)
2026-09-09T20:53:39.531+05:30  INFO 71828 --- [-auto-1-exec-12] c.forexbot.service.TickPipelineService   : Executing trade #406 BUY on EUR/USD (Market is TRENDING with a valid BUY signal)
2026-09-09T20:53:39.532+05:30  INFO 71828 --- [-auto-1-exec-27] c.forexbot.service.TickPipelineService   : Executing trade #407 BUY on EUR/USD (Market is TRENDING with a valid BUY signal)
2026-09-09T20:53:39.532+05:30  INFO 71828 --- [-auto-1-exec-24] c.forexbot.service.TickPipelineService   : Executing trade #408 BUY on EUR/USD (Market is TRENDING with a valid BUY signal)
2026-09-09T20:53:39.532+05:30  INFO 71828 --- [-auto-1-exec-23] c.forexbot.service.TickPipelineService   : Executing trade #409 BUY on EUR/USD (Market is TRENDING with a valid BUY signal)
2026-09-09T20:53:39.532+05:30  INFO 71828 --- [o-auto-1-exec-1] c.forexbot.service.TickPipelineService   : Executing trade #410 BUY on EUR/USD (Market is TRENDING with a valid BUY signal)
2026-09-09T20:53:39.532+05:30  INFO 71828 --- [-auto-1-exec-32] c.forexbot.service.TickPipelineService   : Executing trade #411 BUY on EUR/USD (Market is TRENDING with a valid BUY signal)
2026-09-09T20:53:39.533+05:30  INFO 71828 --- [o-auto-1-exec-8] c.forexbot.service.TickPipelineService   : Executing trade #412 BUY on EUR/USD (Market is TRENDING with a valid BUY signal)
2026-09-09T20:53:39.533+05:30  INFO 71828 --- [-auto-1-exec-28] c.forexbot.service.TickPipelineService   : Executing trade #413 BUY on EUR/USD (Market is TRENDING with a valid BUY signal)
2026-09-09T20:53:39.533+05:30  INFO 71828 --- [-auto-1-exec-12] c.forexbot.service.TickPipelineService   : Executing trade #414 BUY on EUR/USD (Market is TRENDING with a valid BUY signal)
2026-09-09T20:53:39.533+05:30  INFO 71828 --- [-auto-1-exec-23] c.forexbot.service.TickPipelineService   : Executing trade #418 BUY on EUR/USD (Market is TRENDING with a valid BUY signal)
2026-09-09T20:53:39.533+05:30  INFO 71828 --- [o-auto-1-exec-1] c.forexbot.service.TickPipelineService   : Executing trade #419 BUY on EUR/USD (Market is TRENDING with a valid BUY signal)
2026-09-09T20:53:39.533+05:30  INFO 71828 --- [-auto-1-exec-15] c.forexbot.service.TickPipelineService   : Executing trade #420 BUY on EUR/USD (Market is TRENDING with a valid BUY signal)
2026-09-09T20:53:39.533+05:30  INFO 71828 --- [-auto-1-exec-32] c.forexbot.service.TickPipelineService   : Executing trade #421 BUY on EUR/USD (Market is TRENDING with a valid BUY signal)
2026-09-09T20:53:39.534+05:30  INFO 71828 --- [o-auto-1-exec-7] c.forexbot.service.TickPipelineService   : Executing trade #422 BUY on EUR/USD (Market is TRENDING with a valid BUY signal)
2026-09-09T20:53:39.534+05:30  INFO 71828 --- [-auto-1-exec-19] c.forexbot.service.TickPipelineService   : Executing trade #423 BUY on EUR/USD (Market is TRENDING with a valid BUY signal)
2026-09-09T20:53:39.534+05:30  INFO 71828 --- [-auto-1-exec-23] c.forexbot.service.TickPipelineService   : Executing trade #424 BUY on EUR/USD (Market is TRENDING with a valid BUY signal)
2026-09-09T20:53:39.534+05:30  INFO 71828 --- [o-auto-1-exec-1] c.forexbot.service.TickPipelineService   : Executing trade #425 BUY on EUR/USD (Market is TRENDING with a valid BUY signal)
2026-09-09T20:53:39.533+05:30  INFO 71828 --- [-auto-1-exec-27] c.forexbot.service.TickPipelineService   : Executing trade #415 BUY on EUR/USD (Market is TRENDING with a valid BUY signal)
2026-09-09T20:53:39.535+05:30  INFO 71828 --- [-auto-1-exec-25] c.forexbot.service.TickPipelineService   : Executing trade #426 BUY on EUR/USD (Market is TRENDING with a valid BUY signal)
2026-09-09T20:53:39.535+05:30  INFO 71828 --- [-auto-1-exec-23] c.forexbot.service.TickPipelineService   : Executing trade #427 BUY on EUR/USD (Market is TRENDING with a valid BUY signal)
2026-09-09T20:53:39.535+05:30  INFO 71828 --- [-auto-1-exec-19] c.forexbot.service.TickPipelineService   : Executing trade #429 BUY on EUR/USD (Market is TRENDING with a valid BUY signal)
2026-09-09T20:53:39.533+05:30  INFO 71828 --- [-auto-1-exec-22] c.forexbot.service.TickPipelineService   : Executing trade #416 BUY on EUR/USD (Market is TRENDING with a valid BUY signal)
2026-09-09T20:53:39.535+05:30  INFO 71828 --- [o-auto-1-exec-8] c.forexbot.service.TickPipelineService   : Executing trade #433 BUY on EUR/USD (Market is TRENDING with a valid BUY signal)
2026-09-09T20:53:39.533+05:30  INFO 71828 --- [-auto-1-exec-24] c.forexbot.service.TickPipelineService   : Executing trade #417 BUY on EUR/USD (Market is TRENDING with a valid BUY signal)
2026-09-09T20:53:39.536+05:30  INFO 71828 --- [-auto-1-exec-23] c.forexbot.service.TickPipelineService   : Executing trade #435 BUY on EUR/USD (Market is TRENDING with a valid BUY signal)
2026-09-09T20:53:39.536+05:30  INFO 71828 --- [o-auto-1-exec-5] c.forexbot.service.TickPipelineService   : Executing trade #436 BUY on EUR/USD (Market is TRENDING with a valid BUY signal)
2026-09-09T20:53:39.536+05:30  INFO 71828 --- [-auto-1-exec-18] c.forexbot.service.TickPipelineService   : Executing trade #437 BUY on EUR/USD (Market is TRENDING with a valid BUY signal)
2026-09-09T20:53:39.536+05:30  INFO 71828 --- [-auto-1-exec-25] c.forexbot.service.TickPipelineService   : Executing trade #434 BUY on EUR/USD (Market is TRENDING with a valid BUY signal)
2026-09-09T20:53:39.535+05:30  INFO 71828 --- [-auto-1-exec-28] c.forexbot.service.TickPipelineService   : Executing trade #428 BUY on EUR/USD (Market is TRENDING with a valid BUY signal)
2026-09-09T20:53:39.536+05:30  INFO 71828 --- [-auto-1-exec-27] c.forexbot.service.TickPipelineService   : Executing trade #438 BUY on EUR/USD (Market is TRENDING with a valid BUY signal)
2026-09-09T20:53:39.537+05:30  INFO 71828 --- [-auto-1-exec-23] c.forexbot.service.TickPipelineService   : Executing trade #440 BUY on EUR/USD (Market is TRENDING with a valid BUY signal)
2026-09-09T20:53:39.535+05:30  INFO 71828 --- [o-auto-1-exec-1] c.forexbot.service.TickPipelineService   : Executing trade #430 BUY on EUR/USD (Market is TRENDING with a valid BUY signal)
2026-09-09T20:53:39.537+05:30  INFO 71828 --- [-auto-1-exec-16] c.forexbot.service.TickPipelineService   : Executing trade #442 BUY on EUR/USD (Market is TRENDING with a valid BUY signal)
2026-09-09T20:53:39.537+05:30  INFO 71828 --- [-auto-1-exec-25] c.forexbot.service.TickPipelineService   : Executing trade #443 BUY on EUR/USD (Market is TRENDING with a valid BUY signal)
2026-09-09T20:53:39.537+05:30  INFO 71828 --- [o-auto-1-exec-6] c.forexbot.service.TickPipelineService   : Executing trade #444 BUY on EUR/USD (Market is TRENDING with a valid BUY signal)
2026-09-09T20:53:39.537+05:30  INFO 71828 --- [-auto-1-exec-24] c.forexbot.service.TickPipelineService   : Executing trade #445 BUY on EUR/USD (Market is TRENDING with a valid BUY signal)
2026-09-09T20:53:39.535+05:30  INFO 71828 --- [-auto-1-exec-11] c.forexbot.service.TickPipelineService   : Executing trade #432 BUY on EUR/USD (Market is TRENDING with a valid BUY signal)
2026-09-09T20:53:39.535+05:30  INFO 71828 --- [o-auto-1-exec-7] c.forexbot.service.TickPipelineService   : Executing trade #431 BUY on EUR/USD (Market is TRENDING with a valid BUY signal)
2026-09-09T20:53:39.538+05:30  INFO 71828 --- [-auto-1-exec-28] c.forexbot.service.TickPipelineService   : Executing trade #446 BUY on EUR/USD (Market is TRENDING with a valid BUY signal)
2026-09-09T20:53:39.538+05:30  INFO 71828 --- [-auto-1-exec-27] c.forexbot.service.TickPipelineService   : Executing trade #448 BUY on EUR/USD (Market is TRENDING with a valid BUY signal)
2026-09-09T20:53:39.538+05:30  INFO 71828 --- [-auto-1-exec-21] c.forexbot.service.TickPipelineService   : Executing trade #449 BUY on EUR/USD (Market is TRENDING with a valid BUY signal)
2026-09-09T20:53:39.536+05:30  INFO 71828 --- [o-auto-1-exec-8] c.forexbot.service.TickPipelineService   : Executing trade #439 BUY on EUR/USD (Market is TRENDING with a valid BUY signal)
2026-09-09T20:53:39.538+05:30  INFO 71828 --- [o-auto-1-exec-6] c.forexbot.service.TickPipelineService   : Executing trade #450 BUY on EUR/USD (Market is TRENDING with a valid BUY signal)
2026-09-09T20:53:39.538+05:30  INFO 71828 --- [-auto-1-exec-11] c.forexbot.service.TickPipelineService   : Executing trade #451 BUY on EUR/USD (Market is TRENDING with a valid BUY signal)
2026-09-09T20:53:39.539+05:30  INFO 71828 --- [-auto-1-exec-13] c.forexbot.service.TickPipelineService   : Executing trade #452 BUY on EUR/USD (Market is TRENDING with a valid BUY signal)
2026-09-09T20:53:39.539+05:30  INFO 71828 --- [-auto-1-exec-16] c.forexbot.service.TickPipelineService   : Executing trade #453 BUY on EUR/USD (Market is TRENDING with a valid BUY signal)
2026-09-09T20:53:39.539+05:30  INFO 71828 --- [o-auto-1-exec-7] c.forexbot.service.TickPipelineService   : Executing trade #454 BUY on EUR/USD (Market is TRENDING with a valid BUY signal)
2026-09-09T20:53:39.537+05:30  INFO 71828 --- [o-auto-1-exec-5] c.forexbot.service.TickPipelineService   : Executing trade #441 BUY on EUR/USD (Market is TRENDING with a valid BUY signal)
2026-09-09T20:53:39.539+05:30  INFO 71828 --- [-auto-1-exec-21] c.forexbot.service.TickPipelineService   : Executing trade #455 BUY on EUR/USD (Market is TRENDING with a valid BUY signal)
2026-09-09T20:53:39.539+05:30  INFO 71828 --- [o-auto-1-exec-8] c.forexbot.service.TickPipelineService   : Executing trade #456 BUY on EUR/USD (Market is TRENDING with a valid BUY signal)
2026-09-09T20:53:39.539+05:30  INFO 71828 --- [-auto-1-exec-14] c.forexbot.service.TickPipelineService   : Executing trade #457 BUY on EUR/USD (Market is TRENDING with a valid BUY signal)
2026-09-09T20:53:39.539+05:30  INFO 71828 --- [-auto-1-exec-26] c.forexbot.service.TickPipelineService   : Executing trade #458 BUY on EUR/USD (Market is TRENDING with a valid BUY signal)
2026-09-09T20:53:39.539+05:30  INFO 71828 --- [-auto-1-exec-24] c.forexbot.service.TickPipelineService   : Executing trade #459 BUY on EUR/USD (Market is TRENDING with a valid BUY signal)
2026-09-09T20:53:39.539+05:30  INFO 71828 --- [-auto-1-exec-28] c.forexbot.service.TickPipelineService   : Executing trade #460 BUY on EUR/USD (Market is TRENDING with a valid BUY signal)
2026-09-09T20:53:39.538+05:30  INFO 71828 --- [-auto-1-exec-25] c.forexbot.service.TickPipelineService   : Executing trade #447 BUY on EUR/USD (Market is TRENDING with a valid BUY signal)
2026-09-09T20:53:39.540+05:30  INFO 71828 --- [-auto-1-exec-27] c.forexbot.service.TickPipelineService   : Executing trade #461 BUY on EUR/USD (Market is TRENDING with a valid BUY signal)
2026-09-09T20:53:39.540+05:30  INFO 71828 --- [o-auto-1-exec-4] c.forexbot.service.TickPipelineService   : Executing trade #462 BUY on EUR/USD (Market is TRENDING with a valid BUY signal)
2026-09-09T20:53:39.540+05:30  INFO 71828 --- [-auto-1-exec-28] c.forexbot.service.TickPipelineService   : Executing trade #463 BUY on EUR/USD (Market is TRENDING with a valid BUY signal)
2026-09-09T20:53:39.541+05:30  INFO 71828 --- [o-auto-1-exec-4] c.forexbot.service.TickPipelineService   : Executing trade #464 BUY on EUR/USD (Market is TRENDING with a valid BUY signal)
2026-09-09T20:53:39.541+05:30  INFO 71828 --- [-auto-1-exec-26] c.forexbot.service.TickPipelineService   : Executing trade #465 BUY on EUR/USD (Market is TRENDING with a valid BUY signal)
2026-09-09T20:53:39.541+05:30  INFO 71828 --- [-auto-1-exec-28] c.forexbot.service.TickPipelineService   : Executing trade #468 BUY on EUR/USD (Market is TRENDING with a valid BUY signal)
2026-09-09T20:53:39.541+05:30  INFO 71828 --- [o-auto-1-exec-2] c.forexbot.service.TickPipelineService   : Executing trade #469 BUY on EUR/USD (Market is TRENDING with a valid BUY signal)
2026-09-09T20:53:39.541+05:30  INFO 71828 --- [-auto-1-exec-29] c.forexbot.service.TickPipelineService   : Executing trade #470 BUY on EUR/USD (Market is TRENDING with a valid BUY signal)
2026-09-09T20:53:39.541+05:30  INFO 71828 --- [-auto-1-exec-27] c.forexbot.service.TickPipelineService   : Executing trade #471 BUY on EUR/USD (Market is TRENDING with a valid BUY signal)
2026-09-09T20:53:39.541+05:30  INFO 71828 --- [-auto-1-exec-24] c.forexbot.service.TickPipelineService   : Executing trade #466 BUY on EUR/USD (Market is TRENDING with a valid BUY signal)
2026-09-09T20:53:39.542+05:30  INFO 71828 --- [-auto-1-exec-30] c.forexbot.service.TickPipelineService   : Executing trade #472 BUY on EUR/USD (Market is TRENDING with a valid BUY signal)
2026-09-09T20:53:39.542+05:30  INFO 71828 --- [o-auto-1-exec-4] c.forexbot.service.TickPipelineService   : Executing trade #473 BUY on EUR/USD (Market is TRENDING with a valid BUY signal)
2026-09-09T20:53:39.542+05:30  INFO 71828 --- [o-auto-1-exec-2] c.forexbot.service.TickPipelineService   : Executing trade #474 BUY on EUR/USD (Market is TRENDING with a valid BUY signal)
2026-09-09T20:53:39.542+05:30  INFO 71828 --- [-auto-1-exec-29] c.forexbot.service.TickPipelineService   : Executing trade #476 BUY on EUR/USD (Market is TRENDING with a valid BUY signal)
2026-09-09T20:53:39.541+05:30  INFO 71828 --- [-auto-1-exec-31] c.forexbot.service.TickPipelineService   : Executing trade #467 BUY on EUR/USD (Market is TRENDING with a valid BUY signal)
2026-09-09T20:53:39.542+05:30  INFO 71828 --- [-auto-1-exec-24] c.forexbot.service.TickPipelineService   : Executing trade #477 BUY on EUR/USD (Market is TRENDING with a valid BUY signal)
2026-09-09T20:53:39.542+05:30  INFO 71828 --- [o-auto-1-exec-3] c.forexbot.service.TickPipelineService   : Executing trade #478 BUY on EUR/USD (Market is TRENDING with a valid BUY signal)
2026-09-09T20:53:39.543+05:30  INFO 71828 --- [-auto-1-exec-26] c.forexbot.service.TickPipelineService   : Executing trade #479 BUY on EUR/USD (Market is TRENDING with a valid BUY signal)
2026-09-09T20:53:39.543+05:30  INFO 71828 --- [o-auto-1-exec-2] c.forexbot.service.TickPipelineService   : Executing trade #480 BUY on EUR/USD (Market is TRENDING with a valid BUY signal)
2026-09-09T20:53:39.543+05:30  INFO 71828 --- [-auto-1-exec-29] c.forexbot.service.TickPipelineService   : Executing trade #481 BUY on EUR/USD (Market is TRENDING with a valid BUY signal)
2026-09-09T20:53:39.542+05:30  INFO 71828 --- [-auto-1-exec-28] c.forexbot.service.TickPipelineService   : Executing trade #475 BUY on EUR/USD (Market is TRENDING with a valid BUY signal)
2026-09-09T20:53:39.543+05:30  INFO 71828 --- [-auto-1-exec-20] c.forexbot.service.TickPipelineService   : Executing trade #482 BUY on EUR/USD (Market is TRENDING with a valid BUY signal)
2026-09-09T20:53:39.544+05:30  INFO 71828 --- [-auto-1-exec-32] c.forexbot.service.TickPipelineService   : Executing trade #483 BUY on EUR/USD (Market is TRENDING with a valid BUY signal)
2026-09-09T20:53:39.544+05:30  INFO 71828 --- [o-auto-1-exec-2] c.forexbot.service.TickPipelineService   : Executing trade #485 BUY on EUR/USD (Market is TRENDING with a valid BUY signal)
2026-09-09T20:53:39.544+05:30  INFO 71828 --- [-auto-1-exec-29] c.forexbot.service.TickPipelineService   : Executing trade #486 BUY on EUR/USD (Market is TRENDING with a valid BUY signal)
2026-09-09T20:53:39.544+05:30  INFO 71828 --- [-auto-1-exec-28] c.forexbot.service.TickPipelineService   : Executing trade #487 BUY on EUR/USD (Market is TRENDING with a valid BUY signal)
2026-09-09T20:53:39.544+05:30  INFO 71828 --- [-auto-1-exec-24] c.forexbot.service.TickPipelineService   : Executing trade #488 BUY on EUR/USD (Market is TRENDING with a valid BUY signal)
2026-09-09T20:53:39.544+05:30  INFO 71828 --- [o-auto-1-exec-3] c.forexbot.service.TickPipelineService   : Executing trade #484 BUY on EUR/USD (Market is TRENDING with a valid BUY signal)
2026-09-09T20:53:39.544+05:30  INFO 71828 --- [-auto-1-exec-15] c.forexbot.service.TickPipelineService   : Executing trade #489 BUY on EUR/USD (Market is TRENDING with a valid BUY signal)
2026-09-09T20:53:39.545+05:30  INFO 71828 --- [-auto-1-exec-32] c.forexbot.service.TickPipelineService   : Executing trade #490 BUY on EUR/USD (Market is TRENDING with a valid BUY signal)
2026-09-09T20:53:39.545+05:30  INFO 71828 --- [-auto-1-exec-19] c.forexbot.service.TickPipelineService   : Executing trade #491 BUY on EUR/USD (Market is TRENDING with a valid BUY signal)
2026-09-09T20:53:39.545+05:30  INFO 71828 --- [o-auto-1-exec-2] c.forexbot.service.TickPipelineService   : Executing trade #492 BUY on EUR/USD (Market is TRENDING with a valid BUY signal)
2026-09-09T20:53:39.545+05:30  INFO 71828 --- [-auto-1-exec-29] c.forexbot.service.TickPipelineService   : Executing trade #494 BUY on EUR/USD (Market is TRENDING with a valid BUY signal)
2026-09-09T20:53:39.545+05:30  INFO 71828 --- [-auto-1-exec-28] c.forexbot.service.TickPipelineService   : Executing trade #495 BUY on EUR/USD (Market is TRENDING with a valid BUY signal)
2026-09-09T20:53:39.545+05:30  INFO 71828 --- [-auto-1-exec-20] c.forexbot.service.TickPipelineService   : Executing trade #496 BUY on EUR/USD (Market is TRENDING with a valid BUY signal)
2026-09-09T20:53:39.545+05:30  INFO 71828 --- [-auto-1-exec-31] c.forexbot.service.TickPipelineService   : Executing trade #493 BUY on EUR/USD (Market is TRENDING with a valid BUY signal)
2026-09-09T20:53:39.546+05:30  INFO 71828 --- [-auto-1-exec-29] c.forexbot.service.TickPipelineService   : Executing trade #497 BUY on EUR/USD (Market is TRENDING with a valid BUY signal)
2026-09-09T20:53:39.546+05:30  INFO 71828 --- [o-auto-1-exec-2] c.forexbot.service.TickPipelineService   : Executing trade #498 BUY on EUR/USD (Market is TRENDING with a valid BUY signal)
2026-09-09T20:53:39.546+05:30  INFO 71828 --- [-auto-1-exec-15] c.forexbot.service.TickPipelineService   : Executing trade #499 BUY on EUR/USD (Market is TRENDING with a valid BUY signal)
2026-09-09T20:53:39.546+05:30  INFO 71828 --- [o-auto-1-exec-3] c.forexbot.service.TickPipelineService   : Executing trade #500 BUY on EUR/USD (Market is TRENDING with a valid BUY signal)
]]></system-out>
  </testcase>
</testsuite>